{"C:\\PROYECTOS\\JANA\\Server-Jana-Management\\src\\server.ts": {"path":"C:\\PROYECTOS\\JANA\\Server-Jana-Management\\src\\server.ts","statementMap":{"0":{"start":{"line":1,"column":0},"end":{"line":1,"column":53}},"1":{"start":{"line":2,"column":0},"end":{"line":2,"column":28}},"2":{"start":{"line":4,"column":0},"end":{"line":4,"column":29}},"3":{"start":{"line":6,"column":0},"end":{"line":6,"column":41}},"4":{"start":{"line":8,"column":0},"end":{"line":8,"column":49}},"5":{"start":{"line":9,"column":0},"end":{"line":9,"column":45}},"6":{"start":{"line":10,"column":0},"end":{"line":10,"column":49}},"7":{"start":{"line":11,"column":0},"end":{"line":11,"column":49}},"8":{"start":{"line":12,"column":0},"end":{"line":12,"column":59}},"9":{"start":{"line":13,"column":0},"end":{"line":13,"column":28}},"10":{"start":{"line":14,"column":0},"end":{"line":14,"column":24}},"11":{"start":{"line":18,"column":25},"end":{"line":29,"column":1}},"12":{"start":{"line":19,"column":2},"end":{"line":28,"column":3}},"13":{"start":{"line":20,"column":4},"end":{"line":20,"column":28}},"14":{"start":{"line":21,"column":4},"end":{"line":21,"column":14}},"15":{"start":{"line":27,"column":4},"end":{"line":27,"column":80}},"16":{"start":{"line":18,"column":13},"end":{"line":18,"column":25}},"17":{"start":{"line":31,"column":0},"end":{"line":31,"column":12}},"18":{"start":{"line":33,"column":15},"end":{"line":33,"column":24}},"19":{"start":{"line":35,"column":15},"end":{"line":37,"column":2}},"20":{"start":{"line":39,"column":33},"end":{"line":51,"column":2}},"21":{"start":{"line":41,"column":27},"end":{"line":41,"column":53}},"22":{"start":{"line":42,"column":4},"end":{"line":46,"column":5}},"23":{"start":{"line":43,"column":6},"end":{"line":43,"column":27}},"24":{"start":{"line":45,"column":6},"end":{"line":45,"column":51}},"25":{"start":{"line":56,"column":0},"end":{"line":56,"column":30}},"26":{"start":{"line":59,"column":0},"end":{"line":59,"column":27}},"27":{"start":{"line":60,"column":0},"end":{"line":60,"column":51}},"28":{"start":{"line":63,"column":0},"end":{"line":63,"column":79}},"29":{"start":{"line":65,"column":0},"end":{"line":65,"column":null}},"30":{"start":{"line":69,"column":0},"end":{"line":69,"column":51}},"31":{"start":{"line":70,"column":0},"end":{"line":70,"column":41}},"32":{"start":{"line":71,"column":0},"end":{"line":71,"column":37}},"33":{"start":{"line":72,"column":0},"end":{"line":72,"column":41}},"34":{"start":{"line":75,"column":0},"end":{"line":77,"column":3}},"35":{"start":{"line":76,"column":2},"end":{"line":76,"column":33}},"36":{"start":{"line":83,"column":0},"end":{"line":83,"column":22}}},"fnMap":{"0":{"name":"(anonymous_1)","decl":{"start":{"line":18,"column":25},"end":{"line":18,"column":30}},"loc":{"start":{"line":18,"column":36},"end":{"line":29,"column":1}}},"1":{"name":"(anonymous_2)","decl":{"start":{"line":40,"column":10},"end":{"line":40,"column":11}},"loc":{"start":{"line":40,"column":31},"end":{"line":47,"column":3}}},"2":{"name":"(anonymous_3)","decl":{"start":{"line":75,"column":19},"end":{"line":75,"column":20}},"loc":{"start":{"line":75,"column":32},"end":{"line":77,"column":1}}}},"branchMap":{"0":{"loc":{"start":{"line":42,"column":4},"end":{"line":46,"column":5}},"type":"if","locations":[{"start":{"line":42,"column":4},"end":{"line":46,"column":5}},{"start":{"line":44,"column":11},"end":{"line":46,"column":5}}]},"1":{"loc":{"start":{"line":42,"column":8},"end":{"line":42,"column":56}},"type":"binary-expr","locations":[{"start":{"line":42,"column":8},"end":{"line":42,"column":15}},{"start":{"line":42,"column":19},"end":{"line":42,"column":56}}]}},"s":{"0":2,"1":2,"2":2,"3":2,"4":2,"5":2,"6":2,"7":2,"8":2,"9":2,"10":2,"11":2,"12":3,"13":3,"14":1,"15":1,"16":2,"17":2,"18":2,"19":2,"20":2,"21":32,"22":32,"23":32,"24":0,"25":2,"26":2,"27":2,"28":2,"29":2,"30":2,"31":2,"32":2,"33":2,"34":2,"35":1,"36":2},"f":{"0":3,"1":32,"2":1},"b":{"0":[32,0],"1":[32,0]}}
,"C:\\PROYECTOS\\JANA\\Server-Jana-Management\\src\\config\\db.ts": {"path":"C:\\PROYECTOS\\JANA\\Server-Jana-Management\\src\\config\\db.ts","statementMap":{"0":{"start":{"line":2,"column":0},"end":{"line":2,"column":49}},"1":{"start":{"line":3,"column":0},"end":{"line":3,"column":28}},"2":{"start":{"line":6,"column":0},"end":{"line":6,"column":16}},"3":{"start":{"line":8,"column":11},"end":{"line":11,"column":2}},"4":{"start":{"line":25,"column":0},"end":{"line":25,"column":18}}},"fnMap":{},"branchMap":{},"s":{"0":2,"1":2,"2":2,"3":2,"4":2},"f":{},"b":{}}
,"C:\\PROYECTOS\\JANA\\Server-Jana-Management\\src\\handlers\\consecutiveController.ts": {"path":"C:\\PROYECTOS\\JANA\\Server-Jana-Management\\src\\handlers\\consecutiveController.ts","statementMap":{"0":{"start":{"line":2,"column":0},"end":{"line":2,"column":44}},"1":{"start":{"line":3,"column":0},"end":{"line":3,"column":54}},"2":{"start":{"line":5,"column":32},"end":{"line":8,"column":1}},"3":{"start":{"line":6,"column":27},"end":{"line":6,"column":62}},"4":{"start":{"line":7,"column":2},"end":{"line":7,"column":69}},"5":{"start":{"line":10,"column":26},"end":{"line":54,"column":1}},"6":{"start":{"line":11,"column":23},"end":{"line":11,"column":33}},"7":{"start":{"line":13,"column":2},"end":{"line":53,"column":3}},"8":{"start":{"line":15,"column":19},"end":{"line":15,"column":50}},"9":{"start":{"line":16,"column":4},"end":{"line":18,"column":5}},"10":{"start":{"line":17,"column":6},"end":{"line":17,"column":73}},"11":{"start":{"line":21,"column":4},"end":{"line":24,"column":5}},"12":{"start":{"line":23,"column":6},"end":{"line":23,"column":69}},"13":{"start":{"line":27,"column":17},"end":{"line":27,"column":41}},"14":{"start":{"line":28,"column":28},"end":{"line":30,"column":6}},"15":{"start":{"line":32,"column":20},"end":{"line":34,"column":9}},"16":{"start":{"line":35,"column":17},"end":{"line":35,"column":55}},"17":{"start":{"line":38,"column":27},"end":{"line":43,"column":6}},"18":{"start":{"line":46,"column":4},"end":{"line":46,"column":34}},"19":{"start":{"line":49,"column":4},"end":{"line":49,"column":67}},"20":{"start":{"line":51,"column":4},"end":{"line":51,"column":61}},"21":{"start":{"line":52,"column":4},"end":{"line":52,"column":71}},"22":{"start":{"line":56,"column":0},"end":{"line":56,"column":33}}},"fnMap":{"0":{"name":"(anonymous_1)","decl":{"start":{"line":5,"column":32},"end":{"line":5,"column":33}},"loc":{"start":{"line":5,"column":74},"end":{"line":8,"column":1}}},"1":{"name":"(anonymous_2)","decl":{"start":{"line":10,"column":26},"end":{"line":10,"column":31}},"loc":{"start":{"line":10,"column":64},"end":{"line":54,"column":1}}}},"branchMap":{"0":{"loc":{"start":{"line":16,"column":4},"end":{"line":18,"column":5}},"type":"if","locations":[{"start":{"line":16,"column":4},"end":{"line":18,"column":5}}]},"1":{"loc":{"start":{"line":21,"column":4},"end":{"line":24,"column":5}},"type":"if","locations":[{"start":{"line":21,"column":4},"end":{"line":24,"column":5}}]},"2":{"loc":{"start":{"line":32,"column":20},"end":{"line":34,"column":9}},"type":"cond-expr","locations":[{"start":{"line":33,"column":8},"end":{"line":33,"column":46}},{"start":{"line":34,"column":8},"end":{"line":34,"column":9}}]}},"s":{"0":2,"1":2,"2":2,"3":0,"4":0,"5":2,"6":0,"7":0,"8":0,"9":0,"10":0,"11":0,"12":0,"13":0,"14":0,"15":0,"16":0,"17":0,"18":0,"19":0,"20":0,"21":0,"22":2},"f":{"0":0,"1":0},"b":{"0":[0],"1":[0],"2":[0,0]}}
,"C:\\PROYECTOS\\JANA\\Server-Jana-Management\\src\\handlers\\reportController.ts": {"path":"C:\\PROYECTOS\\JANA\\Server-Jana-Management\\src\\handlers\\reportController.ts","statementMap":{"0":{"start":{"line":2,"column":0},"end":{"line":2,"column":44}},"1":{"start":{"line":5,"column":28},"end":{"line":18,"column":1}},"2":{"start":{"line":6,"column":2},"end":{"line":17,"column":3}},"3":{"start":{"line":7,"column":23},"end":{"line":7,"column":31}},"4":{"start":{"line":8,"column":22},"end":{"line":8,"column":53}},"5":{"start":{"line":9,"column":65},"end":{"line":11,"column":6}},"6":{"start":{"line":12,"column":4},"end":{"line":12,"column":60}},"7":{"start":{"line":14,"column":4},"end":{"line":14,"column":63}},"8":{"start":{"line":15,"column":16},"end":{"line":15,"column":54}},"9":{"start":{"line":16,"column":4},"end":{"line":16,"column":49}},"10":{"start":{"line":5,"column":13},"end":{"line":5,"column":28}},"11":{"start":{"line":21,"column":26},"end":{"line":31,"column":1}},"12":{"start":{"line":22,"column":2},"end":{"line":30,"column":3}},"13":{"start":{"line":23,"column":20},"end":{"line":25,"column":6}},"14":{"start":{"line":26,"column":4},"end":{"line":26,"column":44}},"15":{"start":{"line":28,"column":4},"end":{"line":28,"column":67}},"16":{"start":{"line":29,"column":4},"end":{"line":29,"column":69}},"17":{"start":{"line":21,"column":13},"end":{"line":21,"column":26}},"18":{"start":{"line":34,"column":29},"end":{"line":68,"column":1}},"19":{"start":{"line":35,"column":19},"end":{"line":35,"column":32}},"20":{"start":{"line":37,"column":2},"end":{"line":67,"column":3}},"21":{"start":{"line":38,"column":19},"end":{"line":40,"column":6}},"22":{"start":{"line":41,"column":4},"end":{"line":47,"column":5}},"23":{"start":{"line":42,"column":6},"end":{"line":44,"column":73}},"24":{"start":{"line":45,"column":6},"end":{"line":45,"column":68}},"25":{"start":{"line":46,"column":6},"end":{"line":46,"column":13}},"26":{"start":{"line":63,"column":4},"end":{"line":63,"column":43}},"27":{"start":{"line":65,"column":4},"end":{"line":65,"column":65}},"28":{"start":{"line":66,"column":4},"end":{"line":66,"column":67}},"29":{"start":{"line":34,"column":13},"end":{"line":34,"column":29}},"30":{"start":{"line":71,"column":28},"end":{"line":95,"column":1}},"31":{"start":{"line":72,"column":19},"end":{"line":72,"column":32}},"32":{"start":{"line":73,"column":21},"end":{"line":73,"column":29}},"33":{"start":{"line":75,"column":2},"end":{"line":94,"column":3}},"34":{"start":{"line":76,"column":19},"end":{"line":76,"column":50}},"35":{"start":{"line":78,"column":4},"end":{"line":83,"column":5}},"36":{"start":{"line":79,"column":6},"end":{"line":79,"column":68}},"37":{"start":{"line":80,"column":6},"end":{"line":82,"column":73}},"38":{"start":{"line":85,"column":26},"end":{"line":85,"column":57}},"39":{"start":{"line":86,"column":51},"end":{"line":88,"column":6}},"40":{"start":{"line":90,"column":4},"end":{"line":90,"column":46}},"41":{"start":{"line":92,"column":4},"end":{"line":92,"column":68}},"42":{"start":{"line":93,"column":4},"end":{"line":93,"column":70}},"43":{"start":{"line":71,"column":13},"end":{"line":71,"column":28}},"44":{"start":{"line":98,"column":37},"end":{"line":119,"column":1}},"45":{"start":{"line":99,"column":19},"end":{"line":99,"column":32}},"46":{"start":{"line":101,"column":2},"end":{"line":118,"column":3}},"47":{"start":{"line":102,"column":19},"end":{"line":102,"column":50}},"48":{"start":{"line":104,"column":4},"end":{"line":110,"column":5}},"49":{"start":{"line":105,"column":6},"end":{"line":107,"column":73}},"50":{"start":{"line":108,"column":6},"end":{"line":108,"column":68}},"51":{"start":{"line":109,"column":6},"end":{"line":109,"column":13}},"52":{"start":{"line":112,"column":26},"end":{"line":112,"column":66}},"53":{"start":{"line":114,"column":4},"end":{"line":114,"column":50}},"54":{"start":{"line":116,"column":4},"end":{"line":116,"column":68}},"55":{"start":{"line":117,"column":4},"end":{"line":117,"column":70}},"56":{"start":{"line":98,"column":13},"end":{"line":98,"column":37}},"57":{"start":{"line":122,"column":28},"end":{"line":144,"column":1}},"58":{"start":{"line":123,"column":17},"end":{"line":123,"column":27}},"59":{"start":{"line":125,"column":2},"end":{"line":143,"column":3}},"60":{"start":{"line":126,"column":19},"end":{"line":126,"column":44}},"61":{"start":{"line":128,"column":4},"end":{"line":134,"column":5}},"62":{"start":{"line":129,"column":6},"end":{"line":131,"column":73}},"63":{"start":{"line":132,"column":6},"end":{"line":132,"column":68}},"64":{"start":{"line":133,"column":6},"end":{"line":133,"column":13}},"65":{"start":{"line":135,"column":4},"end":{"line":135,"column":27}},"66":{"start":{"line":137,"column":4},"end":{"line":139,"column":7}},"67":{"start":{"line":141,"column":4},"end":{"line":141,"column":66}},"68":{"start":{"line":142,"column":4},"end":{"line":142,"column":68}},"69":{"start":{"line":122,"column":13},"end":{"line":122,"column":28}}},"fnMap":{"0":{"name":"(anonymous_1)","decl":{"start":{"line":5,"column":28},"end":{"line":5,"column":33}},"loc":{"start":{"line":5,"column":66},"end":{"line":18,"column":1}}},"1":{"name":"(anonymous_2)","decl":{"start":{"line":21,"column":26},"end":{"line":21,"column":31}},"loc":{"start":{"line":21,"column":64},"end":{"line":31,"column":1}}},"2":{"name":"(anonymous_3)","decl":{"start":{"line":34,"column":29},"end":{"line":34,"column":34}},"loc":{"start":{"line":34,"column":67},"end":{"line":68,"column":1}}},"3":{"name":"(anonymous_4)","decl":{"start":{"line":71,"column":28},"end":{"line":71,"column":33}},"loc":{"start":{"line":71,"column":66},"end":{"line":95,"column":1}}},"4":{"name":"(anonymous_5)","decl":{"start":{"line":98,"column":37},"end":{"line":98,"column":42}},"loc":{"start":{"line":98,"column":75},"end":{"line":119,"column":1}}},"5":{"name":"(anonymous_6)","decl":{"start":{"line":122,"column":28},"end":{"line":122,"column":33}},"loc":{"start":{"line":122,"column":66},"end":{"line":144,"column":1}}}},"branchMap":{"0":{"loc":{"start":{"line":41,"column":4},"end":{"line":47,"column":5}},"type":"if","locations":[{"start":{"line":41,"column":4},"end":{"line":47,"column":5}}]},"1":{"loc":{"start":{"line":78,"column":4},"end":{"line":83,"column":5}},"type":"if","locations":[{"start":{"line":78,"column":4},"end":{"line":83,"column":5}}]},"2":{"loc":{"start":{"line":104,"column":4},"end":{"line":110,"column":5}},"type":"if","locations":[{"start":{"line":104,"column":4},"end":{"line":110,"column":5}}]},"3":{"loc":{"start":{"line":128,"column":4},"end":{"line":134,"column":5}},"type":"if","locations":[{"start":{"line":128,"column":4},"end":{"line":134,"column":5}}]}},"s":{"0":2,"1":2,"2":0,"3":0,"4":0,"5":0,"6":0,"7":0,"8":0,"9":0,"10":2,"11":2,"12":0,"13":0,"14":0,"15":0,"16":0,"17":2,"18":2,"19":0,"20":0,"21":0,"22":0,"23":0,"24":0,"25":0,"26":0,"27":0,"28":0,"29":2,"30":2,"31":0,"32":0,"33":0,"34":0,"35":0,"36":0,"37":0,"38":0,"39":0,"40":0,"41":0,"42":0,"43":2,"44":2,"45":0,"46":0,"47":0,"48":0,"49":0,"50":0,"51":0,"52":0,"53":0,"54":0,"55":0,"56":2,"57":2,"58":0,"59":0,"60":0,"61":0,"62":0,"63":0,"64":0,"65":0,"66":0,"67":0,"68":0,"69":2},"f":{"0":0,"1":0,"2":0,"3":0,"4":0,"5":0},"b":{"0":[0],"1":[0],"2":[0],"3":[0]}}
,"C:\\PROYECTOS\\JANA\\Server-Jana-Management\\src\\handlers\\tenderController.ts": {"path":"C:\\PROYECTOS\\JANA\\Server-Jana-Management\\src\\handlers\\tenderController.ts","statementMap":{"0":{"start":{"line":2,"column":0},"end":{"line":2,"column":44}},"1":{"start":{"line":3,"column":0},"end":{"line":3,"column":44}},"2":{"start":{"line":5,"column":0},"end":{"line":5,"column":30}},"3":{"start":{"line":14,"column":28},"end":{"line":98,"column":1}},"4":{"start":{"line":15,"column":17},"end":{"line":15,"column":27}},"5":{"start":{"line":16,"column":19},"end":{"line":16,"column":29}},"6":{"start":{"line":18,"column":27},"end":{"line":30,"column":4}},"7":{"start":{"line":32,"column":35},"end":{"line":32,"column":57}},"8":{"start":{"line":34,"column":2},"end":{"line":97,"column":3}},"9":{"start":{"line":35,"column":19},"end":{"line":35,"column":50}},"10":{"start":{"line":37,"column":4},"end":{"line":40,"column":5}},"11":{"start":{"line":38,"column":6},"end":{"line":38,"column":44}},"12":{"start":{"line":39,"column":6},"end":{"line":39,"column":70}},"13":{"start":{"line":41,"column":4},"end":{"line":44,"column":5}},"14":{"start":{"line":42,"column":6},"end":{"line":42,"column":55}},"15":{"start":{"line":43,"column":6},"end":{"line":43,"column":69}},"16":{"start":{"line":46,"column":4},"end":{"line":46,"column":41}},"17":{"start":{"line":47,"column":4},"end":{"line":47,"column":57}},"18":{"start":{"line":48,"column":4},"end":{"line":48,"column":55}},"19":{"start":{"line":49,"column":4},"end":{"line":49,"column":43}},"20":{"start":{"line":50,"column":4},"end":{"line":50,"column":55}},"21":{"start":{"line":51,"column":4},"end":{"line":51,"column":57}},"22":{"start":{"line":52,"column":4},"end":{"line":52,"column":39}},"23":{"start":{"line":53,"column":4},"end":{"line":65,"column":6}},"24":{"start":{"line":54,"column":38},"end":{"line":64,"column":8}},"25":{"start":{"line":67,"column":4},"end":{"line":78,"column":6}},"26":{"start":{"line":68,"column":37},"end":{"line":77,"column":8}},"27":{"start":{"line":79,"column":22},"end":{"line":81,"column":6}},"28":{"start":{"line":82,"column":4},"end":{"line":85,"column":6}},"29":{"start":{"line":86,"column":4},"end":{"line":86,"column":31}},"30":{"start":{"line":88,"column":22},"end":{"line":90,"column":6}},"31":{"start":{"line":92,"column":4},"end":{"line":92,"column":46}},"32":{"start":{"line":94,"column":4},"end":{"line":94,"column":33}},"33":{"start":{"line":95,"column":4},"end":{"line":95,"column":66}},"34":{"start":{"line":96,"column":4},"end":{"line":96,"column":68}},"35":{"start":{"line":14,"column":13},"end":{"line":14,"column":28}},"36":{"start":{"line":101,"column":26},"end":{"line":112,"column":1}},"37":{"start":{"line":102,"column":2},"end":{"line":111,"column":3}},"38":{"start":{"line":103,"column":20},"end":{"line":105,"column":6}},"39":{"start":{"line":106,"column":4},"end":{"line":106,"column":44}},"40":{"start":{"line":108,"column":4},"end":{"line":108,"column":66}},"41":{"start":{"line":109,"column":16},"end":{"line":109,"column":58}},"42":{"start":{"line":110,"column":4},"end":{"line":110,"column":49}},"43":{"start":{"line":101,"column":13},"end":{"line":101,"column":26}},"44":{"start":{"line":115,"column":25},"end":{"line":137,"column":1}},"45":{"start":{"line":116,"column":17},"end":{"line":116,"column":27}},"46":{"start":{"line":117,"column":2},"end":{"line":136,"column":3}},"47":{"start":{"line":118,"column":19},"end":{"line":123,"column":6}},"48":{"start":{"line":124,"column":4},"end":{"line":130,"column":5}},"49":{"start":{"line":125,"column":6},"end":{"line":127,"column":76}},"50":{"start":{"line":128,"column":6},"end":{"line":128,"column":71}},"51":{"start":{"line":129,"column":6},"end":{"line":129,"column":13}},"52":{"start":{"line":131,"column":4},"end":{"line":131,"column":43}},"53":{"start":{"line":133,"column":4},"end":{"line":133,"column":64}},"54":{"start":{"line":134,"column":16},"end":{"line":134,"column":56}},"55":{"start":{"line":135,"column":4},"end":{"line":135,"column":49}},"56":{"start":{"line":115,"column":13},"end":{"line":115,"column":25}},"57":{"start":{"line":140,"column":28},"end":{"line":160,"column":1}},"58":{"start":{"line":141,"column":17},"end":{"line":141,"column":27}},"59":{"start":{"line":142,"column":20},"end":{"line":142,"column":28}},"60":{"start":{"line":143,"column":2},"end":{"line":159,"column":3}},"61":{"start":{"line":144,"column":19},"end":{"line":144,"column":44}},"62":{"start":{"line":145,"column":4},"end":{"line":151,"column":5}},"63":{"start":{"line":146,"column":6},"end":{"line":148,"column":76}},"64":{"start":{"line":149,"column":6},"end":{"line":149,"column":71}},"65":{"start":{"line":150,"column":6},"end":{"line":150,"column":13}},"66":{"start":{"line":153,"column":26},"end":{"line":153,"column":57}},"67":{"start":{"line":154,"column":4},"end":{"line":154,"column":50}},"68":{"start":{"line":156,"column":4},"end":{"line":156,"column":70}},"69":{"start":{"line":157,"column":16},"end":{"line":157,"column":62}},"70":{"start":{"line":158,"column":4},"end":{"line":158,"column":49}},"71":{"start":{"line":140,"column":13},"end":{"line":140,"column":28}},"72":{"start":{"line":163,"column":28},"end":{"line":193,"column":1}},"73":{"start":{"line":164,"column":17},"end":{"line":164,"column":27}},"74":{"start":{"line":166,"column":2},"end":{"line":192,"column":3}},"75":{"start":{"line":168,"column":19},"end":{"line":168,"column":44}},"76":{"start":{"line":169,"column":4},"end":{"line":172,"column":5}},"77":{"start":{"line":170,"column":6},"end":{"line":170,"column":71}},"78":{"start":{"line":171,"column":6},"end":{"line":171,"column":73}},"79":{"start":{"line":175,"column":19},"end":{"line":175,"column":68}},"80":{"start":{"line":176,"column":4},"end":{"line":179,"column":5}},"81":{"start":{"line":177,"column":6},"end":{"line":177,"column":45}},"82":{"start":{"line":178,"column":6},"end":{"line":178,"column":70}},"83":{"start":{"line":182,"column":4},"end":{"line":182,"column":44}},"84":{"start":{"line":185,"column":4},"end":{"line":185,"column":27}},"85":{"start":{"line":188,"column":4},"end":{"line":188,"column":73}},"86":{"start":{"line":190,"column":4},"end":{"line":190,"column":69}},"87":{"start":{"line":191,"column":4},"end":{"line":191,"column":71}},"88":{"start":{"line":163,"column":13},"end":{"line":163,"column":28}}},"fnMap":{"0":{"name":"(anonymous_1)","decl":{"start":{"line":14,"column":28},"end":{"line":14,"column":33}},"loc":{"start":{"line":14,"column":66},"end":{"line":98,"column":1}}},"1":{"name":"(anonymous_2)","decl":{"start":{"line":54,"column":6},"end":{"line":54,"column":7}},"loc":{"start":{"line":54,"column":38},"end":{"line":64,"column":8}}},"2":{"name":"(anonymous_3)","decl":{"start":{"line":68,"column":6},"end":{"line":68,"column":7}},"loc":{"start":{"line":68,"column":37},"end":{"line":77,"column":8}}},"3":{"name":"(anonymous_4)","decl":{"start":{"line":101,"column":26},"end":{"line":101,"column":31}},"loc":{"start":{"line":101,"column":64},"end":{"line":112,"column":1}}},"4":{"name":"(anonymous_5)","decl":{"start":{"line":115,"column":25},"end":{"line":115,"column":30}},"loc":{"start":{"line":115,"column":63},"end":{"line":137,"column":1}}},"5":{"name":"(anonymous_6)","decl":{"start":{"line":140,"column":28},"end":{"line":140,"column":33}},"loc":{"start":{"line":140,"column":66},"end":{"line":160,"column":1}}},"6":{"name":"(anonymous_7)","decl":{"start":{"line":163,"column":28},"end":{"line":163,"column":33}},"loc":{"start":{"line":163,"column":66},"end":{"line":193,"column":1}}}},"branchMap":{"0":{"loc":{"start":{"line":37,"column":4},"end":{"line":40,"column":5}},"type":"if","locations":[{"start":{"line":37,"column":4},"end":{"line":40,"column":5}}]},"1":{"loc":{"start":{"line":41,"column":4},"end":{"line":44,"column":5}},"type":"if","locations":[{"start":{"line":41,"column":4},"end":{"line":44,"column":5}}]},"2":{"loc":{"start":{"line":124,"column":4},"end":{"line":130,"column":5}},"type":"if","locations":[{"start":{"line":124,"column":4},"end":{"line":130,"column":5}}]},"3":{"loc":{"start":{"line":145,"column":4},"end":{"line":151,"column":5}},"type":"if","locations":[{"start":{"line":145,"column":4},"end":{"line":151,"column":5}}]},"4":{"loc":{"start":{"line":169,"column":4},"end":{"line":172,"column":5}},"type":"if","locations":[{"start":{"line":169,"column":4},"end":{"line":172,"column":5}}]},"5":{"loc":{"start":{"line":176,"column":4},"end":{"line":179,"column":5}},"type":"if","locations":[{"start":{"line":176,"column":4},"end":{"line":179,"column":5}}]}},"s":{"0":2,"1":2,"2":2,"3":2,"4":0,"5":0,"6":0,"7":0,"8":0,"9":0,"10":0,"11":0,"12":0,"13":0,"14":0,"15":0,"16":0,"17":0,"18":0,"19":0,"20":0,"21":0,"22":0,"23":0,"24":0,"25":0,"26":0,"27":0,"28":0,"29":0,"30":0,"31":0,"32":0,"33":0,"34":0,"35":2,"36":2,"37":0,"38":0,"39":0,"40":0,"41":0,"42":0,"43":2,"44":2,"45":0,"46":0,"47":0,"48":0,"49":0,"50":0,"51":0,"52":0,"53":0,"54":0,"55":0,"56":2,"57":2,"58":0,"59":0,"60":0,"61":0,"62":0,"63":0,"64":0,"65":0,"66":0,"67":0,"68":0,"69":0,"70":0,"71":2,"72":2,"73":0,"74":0,"75":0,"76":0,"77":0,"78":0,"79":0,"80":0,"81":0,"82":0,"83":0,"84":0,"85":0,"86":0,"87":0,"88":2},"f":{"0":0,"1":0,"2":0,"3":0,"4":0,"5":0,"6":0},"b":{"0":[0],"1":[0],"2":[0],"3":[0],"4":[0],"5":[0]}}
,"C:\\PROYECTOS\\JANA\\Server-Jana-Management\\src\\handlers\\uploadsController.ts": {"path":"C:\\PROYECTOS\\JANA\\Server-Jana-Management\\src\\handlers\\uploadsController.ts","statementMap":{"0":{"start":{"line":2,"column":0},"end":{"line":2,"column":40}},"1":{"start":{"line":3,"column":0},"end":{"line":3,"column":25}},"2":{"start":{"line":4,"column":0},"end":{"line":4,"column":24}},"3":{"start":{"line":7,"column":23},"end":{"line":7,"column":46}},"4":{"start":{"line":8,"column":24},"end":{"line":8,"column":55}},"5":{"start":{"line":9,"column":22},"end":{"line":9,"column":55}},"6":{"start":{"line":10,"column":18},"end":{"line":10,"column":42}},"7":{"start":{"line":11,"column":2},"end":{"line":11,"column":36}},"8":{"start":{"line":12,"column":2},"end":{"line":12,"column":17}},"9":{"start":{"line":15,"column":29},"end":{"line":43,"column":1}},"10":{"start":{"line":16,"column":17},"end":{"line":16,"column":27}},"11":{"start":{"line":17,"column":2},"end":{"line":42,"column":3}},"12":{"start":{"line":18,"column":17},"end":{"line":18,"column":40}},"13":{"start":{"line":19,"column":4},"end":{"line":22,"column":5}},"14":{"start":{"line":20,"column":6},"end":{"line":20,"column":45}},"15":{"start":{"line":21,"column":6},"end":{"line":21,"column":70}},"16":{"start":{"line":24,"column":4},"end":{"line":27,"column":5}},"17":{"start":{"line":25,"column":6},"end":{"line":25,"column":61}},"18":{"start":{"line":26,"column":6},"end":{"line":26,"column":70}},"19":{"start":{"line":29,"column":21},"end":{"line":32,"column":null}},"20":{"start":{"line":34,"column":4},"end":{"line":34,"column":52}},"21":{"start":{"line":35,"column":4},"end":{"line":35,"column":60}},"22":{"start":{"line":37,"column":4},"end":{"line":40,"column":6}},"23":{"start":{"line":41,"column":4},"end":{"line":41,"column":80}},"24":{"start":{"line":15,"column":13},"end":{"line":15,"column":29}},"25":{"start":{"line":45,"column":29},"end":{"line":68,"column":1}},"26":{"start":{"line":46,"column":17},"end":{"line":46,"column":27}},"27":{"start":{"line":48,"column":2},"end":{"line":67,"column":3}},"28":{"start":{"line":50,"column":17},"end":{"line":50,"column":40}},"29":{"start":{"line":52,"column":4},"end":{"line":54,"column":5}},"30":{"start":{"line":53,"column":6},"end":{"line":53,"column":70}},"31":{"start":{"line":57,"column":27},"end":{"line":57,"column":46}},"32":{"start":{"line":58,"column":4},"end":{"line":60,"column":5}},"33":{"start":{"line":59,"column":6},"end":{"line":59,"column":79}},"34":{"start":{"line":63,"column":4},"end":{"line":63,"column":72}},"35":{"start":{"line":65,"column":4},"end":{"line":65,"column":70}},"36":{"start":{"line":66,"column":4},"end":{"line":66,"column":65}},"37":{"start":{"line":45,"column":13},"end":{"line":45,"column":29}}},"fnMap":{"0":{"name":"saveImage","decl":{"start":{"line":6,"column":9},"end":{"line":6,"column":18}},"loc":{"start":{"line":6,"column":57},"end":{"line":13,"column":1}}},"1":{"name":"(anonymous_2)","decl":{"start":{"line":15,"column":29},"end":{"line":15,"column":34}},"loc":{"start":{"line":15,"column":67},"end":{"line":43,"column":1}}},"2":{"name":"(anonymous_3)","decl":{"start":{"line":45,"column":29},"end":{"line":45,"column":34}},"loc":{"start":{"line":45,"column":67},"end":{"line":68,"column":1}}}},"branchMap":{"0":{"loc":{"start":{"line":19,"column":4},"end":{"line":22,"column":5}},"type":"if","locations":[{"start":{"line":19,"column":4},"end":{"line":22,"column":5}}]},"1":{"loc":{"start":{"line":24,"column":4},"end":{"line":27,"column":5}},"type":"if","locations":[{"start":{"line":24,"column":4},"end":{"line":27,"column":5}}]},"2":{"loc":{"start":{"line":52,"column":4},"end":{"line":54,"column":5}},"type":"if","locations":[{"start":{"line":52,"column":4},"end":{"line":54,"column":5}}]},"3":{"loc":{"start":{"line":58,"column":4},"end":{"line":60,"column":5}},"type":"if","locations":[{"start":{"line":58,"column":4},"end":{"line":60,"column":5}}]}},"s":{"0":2,"1":2,"2":2,"3":0,"4":0,"5":0,"6":0,"7":0,"8":0,"9":2,"10":0,"11":0,"12":0,"13":0,"14":0,"15":0,"16":0,"17":0,"18":0,"19":0,"20":0,"21":0,"22":0,"23":0,"24":2,"25":2,"26":0,"27":0,"28":0,"29":0,"30":0,"31":0,"32":0,"33":0,"34":0,"35":0,"36":0,"37":2},"f":{"0":0,"1":0,"2":0},"b":{"0":[0],"1":[0],"2":[0],"3":[0]}}
,"C:\\PROYECTOS\\JANA\\Server-Jana-Management\\src\\handlers\\userController.ts": {"path":"C:\\PROYECTOS\\JANA\\Server-Jana-Management\\src\\handlers\\userController.ts","statementMap":{"0":{"start":{"line":2,"column":0},"end":{"line":2,"column":40}},"1":{"start":{"line":3,"column":0},"end":{"line":3,"column":30}},"2":{"start":{"line":4,"column":0},"end":{"line":4,"column":43}},"3":{"start":{"line":10,"column":26},"end":{"line":21,"column":1}},"4":{"start":{"line":11,"column":15},"end":{"line":11,"column":23}},"5":{"start":{"line":12,"column":15},"end":{"line":12,"column":39}},"6":{"start":{"line":13,"column":25},"end":{"line":13,"column":63}},"7":{"start":{"line":14,"column":2},"end":{"line":14,"column":33}},"8":{"start":{"line":16,"column":18},"end":{"line":16,"column":41}},"9":{"start":{"line":17,"column":18},"end":{"line":19,"column":4}},"10":{"start":{"line":20,"column":2},"end":{"line":20,"column":42}},"11":{"start":{"line":10,"column":13},"end":{"line":10,"column":26}},"12":{"start":{"line":24,"column":24},"end":{"line":39,"column":1}},"13":{"start":{"line":25,"column":2},"end":{"line":38,"column":3}},"14":{"start":{"line":26,"column":18},"end":{"line":28,"column":6}},"15":{"start":{"line":29,"column":4},"end":{"line":32,"column":5}},"16":{"start":{"line":30,"column":6},"end":{"line":30,"column":50}},"17":{"start":{"line":31,"column":6},"end":{"line":31,"column":75}},"18":{"start":{"line":33,"column":4},"end":{"line":33,"column":42}},"19":{"start":{"line":35,"column":4},"end":{"line":35,"column":63}},"20":{"start":{"line":36,"column":16},"end":{"line":36,"column":55}},"21":{"start":{"line":37,"column":4},"end":{"line":37,"column":49}},"22":{"start":{"line":24,"column":13},"end":{"line":24,"column":24}},"23":{"start":{"line":42,"column":27},"end":{"line":57,"column":1}},"24":{"start":{"line":43,"column":17},"end":{"line":43,"column":27}},"25":{"start":{"line":44,"column":2},"end":{"line":56,"column":3}},"26":{"start":{"line":45,"column":17},"end":{"line":47,"column":6}},"27":{"start":{"line":48,"column":4},"end":{"line":50,"column":5}},"28":{"start":{"line":49,"column":6},"end":{"line":49,"column":70}},"29":{"start":{"line":51,"column":4},"end":{"line":51,"column":41}},"30":{"start":{"line":53,"column":4},"end":{"line":53,"column":62}},"31":{"start":{"line":54,"column":16},"end":{"line":54,"column":53}},"32":{"start":{"line":55,"column":4},"end":{"line":55,"column":49}},"33":{"start":{"line":42,"column":13},"end":{"line":42,"column":27}},"34":{"start":{"line":60,"column":26},"end":{"line":84,"column":1}},"35":{"start":{"line":61,"column":17},"end":{"line":61,"column":27}},"36":{"start":{"line":62,"column":19},"end":{"line":62,"column":27}},"37":{"start":{"line":63,"column":2},"end":{"line":83,"column":3}},"38":{"start":{"line":64,"column":17},"end":{"line":64,"column":40}},"39":{"start":{"line":65,"column":4},"end":{"line":68,"column":5}},"40":{"start":{"line":66,"column":6},"end":{"line":66,"column":45}},"41":{"start":{"line":67,"column":6},"end":{"line":67,"column":70}},"42":{"start":{"line":69,"column":17},"end":{"line":69,"column":41}},"43":{"start":{"line":70,"column":27},"end":{"line":70,"column":69}},"44":{"start":{"line":71,"column":4},"end":{"line":71,"column":39}},"45":{"start":{"line":73,"column":4},"end":{"line":73,"column":32}},"46":{"start":{"line":74,"column":24},"end":{"line":76,"column":6}},"47":{"start":{"line":78,"column":4},"end":{"line":78,"column":48}},"48":{"start":{"line":80,"column":4},"end":{"line":80,"column":68}},"49":{"start":{"line":81,"column":16},"end":{"line":81,"column":59}},"50":{"start":{"line":82,"column":4},"end":{"line":82,"column":49}},"51":{"start":{"line":60,"column":13},"end":{"line":60,"column":26}},"52":{"start":{"line":87,"column":30},"end":{"line":112,"column":1}},"53":{"start":{"line":88,"column":17},"end":{"line":88,"column":27}},"54":{"start":{"line":89,"column":23},"end":{"line":89,"column":31}},"55":{"start":{"line":91,"column":2},"end":{"line":111,"column":3}},"56":{"start":{"line":92,"column":17},"end":{"line":92,"column":40}},"57":{"start":{"line":93,"column":4},"end":{"line":95,"column":5}},"58":{"start":{"line":94,"column":6},"end":{"line":94,"column":70}},"59":{"start":{"line":96,"column":17},"end":{"line":96,"column":41}},"60":{"start":{"line":97,"column":27},"end":{"line":97,"column":60}},"61":{"start":{"line":98,"column":4},"end":{"line":98,"column":52}},"62":{"start":{"line":100,"column":24},"end":{"line":102,"column":6}},"63":{"start":{"line":103,"column":4},"end":{"line":106,"column":7}},"64":{"start":{"line":108,"column":4},"end":{"line":108,"column":71}},"65":{"start":{"line":109,"column":16},"end":{"line":109,"column":62}},"66":{"start":{"line":110,"column":4},"end":{"line":110,"column":49}},"67":{"start":{"line":87,"column":13},"end":{"line":87,"column":30}},"68":{"start":{"line":115,"column":33},"end":{"line":137,"column":1}},"69":{"start":{"line":116,"column":17},"end":{"line":116,"column":27}},"70":{"start":{"line":118,"column":2},"end":{"line":136,"column":3}},"71":{"start":{"line":119,"column":25},"end":{"line":119,"column":48}},"72":{"start":{"line":120,"column":4},"end":{"line":122,"column":5}},"73":{"start":{"line":121,"column":6},"end":{"line":121,"column":70}},"74":{"start":{"line":124,"column":4},"end":{"line":124,"column":40}},"75":{"start":{"line":126,"column":20},"end":{"line":128,"column":6}},"76":{"start":{"line":129,"column":4},"end":{"line":131,"column":77}},"77":{"start":{"line":133,"column":4},"end":{"line":133,"column":68}},"78":{"start":{"line":134,"column":16},"end":{"line":134,"column":59}},"79":{"start":{"line":135,"column":4},"end":{"line":135,"column":49}},"80":{"start":{"line":115,"column":13},"end":{"line":115,"column":33}},"81":{"start":{"line":141,"column":26},"end":{"line":159,"column":1}},"82":{"start":{"line":142,"column":17},"end":{"line":142,"column":27}},"83":{"start":{"line":143,"column":2},"end":{"line":158,"column":3}},"84":{"start":{"line":144,"column":17},"end":{"line":144,"column":40}},"85":{"start":{"line":145,"column":4},"end":{"line":148,"column":5}},"86":{"start":{"line":146,"column":6},"end":{"line":146,"column":45}},"87":{"start":{"line":147,"column":6},"end":{"line":147,"column":70}},"88":{"start":{"line":150,"column":4},"end":{"line":150,"column":25}},"89":{"start":{"line":151,"column":4},"end":{"line":153,"column":7}},"90":{"start":{"line":155,"column":4},"end":{"line":155,"column":66}},"91":{"start":{"line":156,"column":16},"end":{"line":156,"column":57}},"92":{"start":{"line":157,"column":4},"end":{"line":157,"column":49}},"93":{"start":{"line":141,"column":13},"end":{"line":141,"column":26}},"94":{"start":{"line":162,"column":21},"end":{"line":203,"column":1}},"95":{"start":{"line":163,"column":30},"end":{"line":163,"column":38}},"96":{"start":{"line":165,"column":2},"end":{"line":202,"column":3}},"97":{"start":{"line":166,"column":17},"end":{"line":166,"column":57}},"98":{"start":{"line":168,"column":4},"end":{"line":172,"column":5}},"99":{"start":{"line":169,"column":6},"end":{"line":171,"column":74}},"100":{"start":{"line":173,"column":28},"end":{"line":175,"column":null}},"101":{"start":{"line":178,"column":4},"end":{"line":182,"column":5}},"102":{"start":{"line":179,"column":6},"end":{"line":181,"column":74}},"103":{"start":{"line":183,"column":20},"end":{"line":191,"column":6}},"104":{"start":{"line":193,"column":18},"end":{"line":193,"column":38}},"105":{"start":{"line":195,"column":4},"end":{"line":198,"column":7}},"106":{"start":{"line":200,"column":4},"end":{"line":200,"column":55}},"107":{"start":{"line":201,"column":4},"end":{"line":201,"column":65}},"108":{"start":{"line":162,"column":13},"end":{"line":162,"column":21}},"109":{"start":{"line":206,"column":32},"end":{"line":223,"column":1}},"110":{"start":{"line":207,"column":17},"end":{"line":207,"column":27}},"111":{"start":{"line":208,"column":21},"end":{"line":208,"column":29}},"112":{"start":{"line":210,"column":2},"end":{"line":222,"column":3}},"113":{"start":{"line":211,"column":17},"end":{"line":211,"column":40}},"114":{"start":{"line":212,"column":4},"end":{"line":214,"column":5}},"115":{"start":{"line":213,"column":6},"end":{"line":213,"column":70}},"116":{"start":{"line":215,"column":4},"end":{"line":215,"column":34}},"117":{"start":{"line":217,"column":4},"end":{"line":217,"column":74}},"118":{"start":{"line":219,"column":4},"end":{"line":219,"column":67}},"119":{"start":{"line":220,"column":16},"end":{"line":220,"column":58}},"120":{"start":{"line":221,"column":4},"end":{"line":221,"column":49}},"121":{"start":{"line":206,"column":13},"end":{"line":206,"column":32}}},"fnMap":{"0":{"name":"(anonymous_1)","decl":{"start":{"line":10,"column":26},"end":{"line":10,"column":31}},"loc":{"start":{"line":10,"column":64},"end":{"line":21,"column":1}}},"1":{"name":"(anonymous_2)","decl":{"start":{"line":24,"column":24},"end":{"line":24,"column":29}},"loc":{"start":{"line":24,"column":62},"end":{"line":39,"column":1}}},"2":{"name":"(anonymous_3)","decl":{"start":{"line":42,"column":27},"end":{"line":42,"column":32}},"loc":{"start":{"line":42,"column":65},"end":{"line":57,"column":1}}},"3":{"name":"(anonymous_4)","decl":{"start":{"line":60,"column":26},"end":{"line":60,"column":31}},"loc":{"start":{"line":60,"column":64},"end":{"line":84,"column":1}}},"4":{"name":"(anonymous_5)","decl":{"start":{"line":87,"column":30},"end":{"line":87,"column":35}},"loc":{"start":{"line":87,"column":68},"end":{"line":112,"column":1}}},"5":{"name":"(anonymous_6)","decl":{"start":{"line":115,"column":33},"end":{"line":115,"column":38}},"loc":{"start":{"line":115,"column":71},"end":{"line":137,"column":1}}},"6":{"name":"(anonymous_7)","decl":{"start":{"line":141,"column":26},"end":{"line":141,"column":31}},"loc":{"start":{"line":141,"column":64},"end":{"line":159,"column":1}}},"7":{"name":"(anonymous_8)","decl":{"start":{"line":162,"column":21},"end":{"line":162,"column":26}},"loc":{"start":{"line":162,"column":59},"end":{"line":203,"column":1}}},"8":{"name":"(anonymous_9)","decl":{"start":{"line":206,"column":32},"end":{"line":206,"column":37}},"loc":{"start":{"line":206,"column":70},"end":{"line":223,"column":1}}}},"branchMap":{"0":{"loc":{"start":{"line":29,"column":4},"end":{"line":32,"column":5}},"type":"if","locations":[{"start":{"line":29,"column":4},"end":{"line":32,"column":5}}]},"1":{"loc":{"start":{"line":48,"column":4},"end":{"line":50,"column":5}},"type":"if","locations":[{"start":{"line":48,"column":4},"end":{"line":50,"column":5}}]},"2":{"loc":{"start":{"line":65,"column":4},"end":{"line":68,"column":5}},"type":"if","locations":[{"start":{"line":65,"column":4},"end":{"line":68,"column":5}}]},"3":{"loc":{"start":{"line":93,"column":4},"end":{"line":95,"column":5}},"type":"if","locations":[{"start":{"line":93,"column":4},"end":{"line":95,"column":5}}]},"4":{"loc":{"start":{"line":120,"column":4},"end":{"line":122,"column":5}},"type":"if","locations":[{"start":{"line":120,"column":4},"end":{"line":122,"column":5}}]},"5":{"loc":{"start":{"line":145,"column":4},"end":{"line":148,"column":5}},"type":"if","locations":[{"start":{"line":145,"column":4},"end":{"line":148,"column":5}}]},"6":{"loc":{"start":{"line":168,"column":4},"end":{"line":172,"column":5}},"type":"if","locations":[{"start":{"line":168,"column":4},"end":{"line":172,"column":5}}]},"7":{"loc":{"start":{"line":178,"column":4},"end":{"line":182,"column":5}},"type":"if","locations":[{"start":{"line":178,"column":4},"end":{"line":182,"column":5}}]},"8":{"loc":{"start":{"line":212,"column":4},"end":{"line":214,"column":5}},"type":"if","locations":[{"start":{"line":212,"column":4},"end":{"line":214,"column":5}}]}},"s":{"0":2,"1":2,"2":2,"3":2,"4":1,"5":1,"6":1,"7":1,"8":1,"9":1,"10":1,"11":2,"12":2,"13":1,"14":1,"15":1,"16":0,"17":0,"18":1,"19":0,"20":0,"21":0,"22":2,"23":2,"24":2,"25":2,"26":2,"27":2,"28":1,"29":1,"30":0,"31":0,"32":0,"33":2,"34":2,"35":1,"36":1,"37":1,"38":1,"39":1,"40":0,"41":0,"42":1,"43":1,"44":1,"45":1,"46":1,"47":1,"48":0,"49":0,"50":0,"51":2,"52":2,"53":2,"54":2,"55":2,"56":2,"57":2,"58":1,"59":1,"60":1,"61":1,"62":1,"63":1,"64":0,"65":0,"66":0,"67":2,"68":2,"69":1,"70":1,"71":1,"72":1,"73":0,"74":1,"75":1,"76":1,"77":0,"78":0,"79":0,"80":2,"81":2,"82":3,"83":3,"84":3,"85":2,"86":1,"87":1,"88":1,"89":1,"90":1,"91":1,"92":1,"93":2,"94":2,"95":2,"96":2,"97":2,"98":2,"99":0,"100":2,"101":2,"102":1,"103":1,"104":1,"105":1,"106":0,"107":0,"108":2,"109":2,"110":1,"111":1,"112":1,"113":1,"114":1,"115":0,"116":1,"117":1,"118":0,"119":0,"120":0,"121":2},"f":{"0":1,"1":1,"2":2,"3":1,"4":2,"5":1,"6":3,"7":2,"8":1},"b":{"0":[0],"1":[1],"2":[0],"3":[1],"4":[0],"5":[1],"6":[0],"7":[1],"8":[0]}}
,"C:\\PROYECTOS\\JANA\\Server-Jana-Management\\src\\middlewares\\auth.ts": {"path":"C:\\PROYECTOS\\JANA\\Server-Jana-Management\\src\\middlewares\\auth.ts","statementMap":{"0":{"start":{"line":2,"column":0},"end":{"line":2,"column":31}},"1":{"start":{"line":3,"column":0},"end":{"line":3,"column":40}},"2":{"start":{"line":15,"column":28},"end":{"line":59,"column":1}},"3":{"start":{"line":20,"column":17},"end":{"line":20,"column":42}},"4":{"start":{"line":21,"column":2},"end":{"line":24,"column":3}},"5":{"start":{"line":22,"column":18},"end":{"line":22,"column":45}},"6":{"start":{"line":23,"column":4},"end":{"line":23,"column":58}},"7":{"start":{"line":25,"column":20},"end":{"line":25,"column":37}},"8":{"start":{"line":27,"column":2},"end":{"line":56,"column":3}},"9":{"start":{"line":28,"column":20},"end":{"line":28,"column":61}},"10":{"start":{"line":29,"column":4},"end":{"line":52,"column":5}},"11":{"start":{"line":30,"column":19},"end":{"line":45,"column":8}},"12":{"start":{"line":46,"column":24},"end":{"line":46,"column":49}},"13":{"start":{"line":47,"column":6},"end":{"line":51,"column":7}},"14":{"start":{"line":48,"column":8},"end":{"line":48,"column":29}},"15":{"start":{"line":50,"column":8},"end":{"line":50,"column":59}},"16":{"start":{"line":54,"column":4},"end":{"line":54,"column":55}},"17":{"start":{"line":55,"column":4},"end":{"line":55,"column":11}},"18":{"start":{"line":58,"column":2},"end":{"line":58,"column":9}},"19":{"start":{"line":15,"column":13},"end":{"line":15,"column":28}}},"fnMap":{"0":{"name":"(anonymous_1)","decl":{"start":{"line":15,"column":28},"end":{"line":15,"column":33}},"loc":{"start":{"line":19,"column":4},"end":{"line":59,"column":1}}}},"branchMap":{"0":{"loc":{"start":{"line":21,"column":2},"end":{"line":24,"column":3}},"type":"if","locations":[{"start":{"line":21,"column":2},"end":{"line":24,"column":3}}]},"1":{"loc":{"start":{"line":29,"column":4},"end":{"line":52,"column":5}},"type":"if","locations":[{"start":{"line":29,"column":4},"end":{"line":52,"column":5}}]},"2":{"loc":{"start":{"line":29,"column":8},"end":{"line":29,"column":49}},"type":"binary-expr","locations":[{"start":{"line":29,"column":8},"end":{"line":29,"column":35}},{"start":{"line":29,"column":39},"end":{"line":29,"column":49}}]},"3":{"loc":{"start":{"line":47,"column":6},"end":{"line":51,"column":7}},"type":"if","locations":[{"start":{"line":47,"column":6},"end":{"line":51,"column":7}},{"start":{"line":49,"column":13},"end":{"line":51,"column":7}}]}},"s":{"0":2,"1":2,"2":2,"3":22,"4":22,"5":3,"6":3,"7":19,"8":19,"9":19,"10":18,"11":18,"12":18,"13":18,"14":18,"15":0,"16":1,"17":1,"18":18,"19":2},"f":{"0":22},"b":{"0":[3],"1":[18],"2":[18,18],"3":[18,0]}}
,"C:\\PROYECTOS\\JANA\\Server-Jana-Management\\src\\middlewares\\authValidatonSchema.ts": {"path":"C:\\PROYECTOS\\JANA\\Server-Jana-Management\\src\\middlewares\\authValidatonSchema.ts","statementMap":{"0":{"start":{"line":1,"column":0},"end":{"line":1,"column":41}},"1":{"start":{"line":3,"column":13},"end":{"line":11,"column":2}}},"fnMap":{},"branchMap":{},"s":{"0":2,"1":2},"f":{},"b":{}}
,"C:\\PROYECTOS\\JANA\\Server-Jana-Management\\src\\middlewares\\dueDateValidationSchema.ts": {"path":"C:\\PROYECTOS\\JANA\\Server-Jana-Management\\src\\middlewares\\dueDateValidationSchema.ts","statementMap":{"0":{"start":{"line":1,"column":0},"end":{"line":1,"column":41}},"1":{"start":{"line":3,"column":13},"end":{"line":15,"column":2}},"2":{"start":{"line":10,"column":26},"end":{"line":10,"column":36}},"3":{"start":{"line":11,"column":28},"end":{"line":11,"column":43}},"4":{"start":{"line":12,"column":6},"end":{"line":12,"column":30}}},"fnMap":{"0":{"name":"(anonymous_0)","decl":{"start":{"line":9,"column":12},"end":{"line":9,"column":13}},"loc":{"start":{"line":9,"column":22},"end":{"line":13,"column":5}}}},"branchMap":{},"s":{"0":2,"1":2,"2":0,"3":0,"4":0},"f":{"0":0},"b":{}}
,"C:\\PROYECTOS\\JANA\\Server-Jana-Management\\src\\middlewares\\handleInputErros.ts": {"path":"C:\\PROYECTOS\\JANA\\Server-Jana-Management\\src\\middlewares\\handleInputErros.ts","statementMap":{"0":{"start":{"line":2,"column":0},"end":{"line":2,"column":53}},"1":{"start":{"line":4,"column":25},"end":{"line":10,"column":1}},"2":{"start":{"line":5,"column":15},"end":{"line":5,"column":36}},"3":{"start":{"line":6,"column":2},"end":{"line":8,"column":3}},"4":{"start":{"line":7,"column":4},"end":{"line":7,"column":60}},"5":{"start":{"line":9,"column":2},"end":{"line":9,"column":9}},"6":{"start":{"line":11,"column":0},"end":{"line":11,"column":32}}},"fnMap":{"0":{"name":"(anonymous_0)","decl":{"start":{"line":4,"column":25},"end":{"line":4,"column":26}},"loc":{"start":{"line":4,"column":77},"end":{"line":10,"column":1}}}},"branchMap":{"0":{"loc":{"start":{"line":6,"column":2},"end":{"line":8,"column":3}},"type":"if","locations":[{"start":{"line":6,"column":2},"end":{"line":8,"column":3}}]}},"s":{"0":2,"1":2,"2":21,"3":21,"4":12,"5":9,"6":2},"f":{"0":21},"b":{"0":[12]}}
,"C:\\PROYECTOS\\JANA\\Server-Jana-Management\\src\\middlewares\\passwordValidationSchema.ts": {"path":"C:\\PROYECTOS\\JANA\\Server-Jana-Management\\src\\middlewares\\passwordValidationSchema.ts","statementMap":{"0":{"start":{"line":1,"column":0},"end":{"line":1,"column":41}},"1":{"start":{"line":3,"column":13},"end":{"line":15,"column":2}}},"fnMap":{},"branchMap":{},"s":{"0":2,"1":2},"f":{},"b":{}}
,"C:\\PROYECTOS\\JANA\\Server-Jana-Management\\src\\middlewares\\reportValidationSchema.ts": {"path":"C:\\PROYECTOS\\JANA\\Server-Jana-Management\\src\\middlewares\\reportValidationSchema.ts","statementMap":{"0":{"start":{"line":1,"column":0},"end":{"line":1,"column":41}},"1":{"start":{"line":3,"column":13},"end":{"line":127,"column":4}},"2":{"start":{"line":16,"column":26},"end":{"line":16,"column":36}},"3":{"start":{"line":17,"column":30},"end":{"line":17,"column":45}},"4":{"start":{"line":18,"column":6},"end":{"line":18,"column":32}},"5":{"start":{"line":28,"column":26},"end":{"line":28,"column":36}},"6":{"start":{"line":29,"column":28},"end":{"line":29,"column":43}},"7":{"start":{"line":30,"column":6},"end":{"line":30,"column":30}},"8":{"start":{"line":85,"column":23},"end":{"line":85,"column":32}},"9":{"start":{"line":103,"column":23},"end":{"line":103,"column":32}}},"fnMap":{"0":{"name":"(anonymous_0)","decl":{"start":{"line":15,"column":12},"end":{"line":15,"column":13}},"loc":{"start":{"line":15,"column":22},"end":{"line":19,"column":5}}},"1":{"name":"(anonymous_1)","decl":{"start":{"line":27,"column":12},"end":{"line":27,"column":13}},"loc":{"start":{"line":27,"column":22},"end":{"line":31,"column":5}}},"2":{"name":"(anonymous_2)","decl":{"start":{"line":85,"column":12},"end":{"line":85,"column":13}},"loc":{"start":{"line":85,"column":23},"end":{"line":85,"column":32}}},"3":{"name":"(anonymous_3)","decl":{"start":{"line":103,"column":12},"end":{"line":103,"column":13}},"loc":{"start":{"line":103,"column":23},"end":{"line":103,"column":32}}}},"branchMap":{},"s":{"0":2,"1":2,"2":0,"3":0,"4":0,"5":0,"6":0,"7":0,"8":0,"9":0},"f":{"0":0,"1":0,"2":0,"3":0},"b":{}}
,"C:\\PROYECTOS\\JANA\\Server-Jana-Management\\src\\middlewares\\statusValidationSchema.ts": {"path":"C:\\PROYECTOS\\JANA\\Server-Jana-Management\\src\\middlewares\\statusValidationSchema.ts","statementMap":{"0":{"start":{"line":1,"column":0},"end":{"line":1,"column":41}},"1":{"start":{"line":3,"column":13},"end":{"line":9,"column":null}}},"fnMap":{},"branchMap":{},"s":{"0":2,"1":2},"f":{},"b":{}}
,"C:\\PROYECTOS\\JANA\\Server-Jana-Management\\src\\middlewares\\userValidationSchema.ts": {"path":"C:\\PROYECTOS\\JANA\\Server-Jana-Management\\src\\middlewares\\userValidationSchema.ts","statementMap":{"0":{"start":{"line":1,"column":0},"end":{"line":1,"column":41}},"1":{"start":{"line":3,"column":13},"end":{"line":101,"column":2}},"2":{"start":{"line":43,"column":20},"end":{"line":43,"column":30}},"3":{"start":{"line":44,"column":24},"end":{"line":44,"column":39}},"4":{"start":{"line":45,"column":16},"end":{"line":45,"column":61}},"5":{"start":{"line":46,"column":16},"end":{"line":46,"column":55}},"6":{"start":{"line":47,"column":6},"end":{"line":49,"column":7}},"7":{"start":{"line":48,"column":8},"end":{"line":48,"column":14}},"8":{"start":{"line":50,"column":6},"end":{"line":50,"column":23}}},"fnMap":{"0":{"name":"(anonymous_0)","decl":{"start":{"line":42,"column":12},"end":{"line":42,"column":13}},"loc":{"start":{"line":42,"column":22},"end":{"line":51,"column":5}}}},"branchMap":{"0":{"loc":{"start":{"line":47,"column":6},"end":{"line":49,"column":7}},"type":"if","locations":[{"start":{"line":47,"column":6},"end":{"line":49,"column":7}}]},"1":{"loc":{"start":{"line":47,"column":10},"end":{"line":47,"column":69}},"type":"binary-expr","locations":[{"start":{"line":47,"column":10},"end":{"line":47,"column":15}},{"start":{"line":47,"column":20},"end":{"line":47,"column":27}},{"start":{"line":47,"column":31},"end":{"line":47,"column":68}}]}},"s":{"0":2,"1":2,"2":6,"3":6,"4":6,"5":6,"6":6,"7":0,"8":6},"f":{"0":6},"b":{"0":[0],"1":[6,6,0]}}
,"C:\\PROYECTOS\\JANA\\Server-Jana-Management\\src\\models\\Consecutive.model.ts": {"path":"C:\\PROYECTOS\\JANA\\Server-Jana-Management\\src\\models\\Consecutive.model.ts","statementMap":{"0":{"start":{"line":1,"column":0},"end":{"line":1,"column":null}},"1":{"start":{"line":9,"column":0},"end":{"line":9,"column":36}},"2":{"start":{"line":12,"column":0},"end":{"line":41,"column":null}},"3":{"start":{"line":17,"column":2},"end":{"line":17,"column":null}},"4":{"start":{"line":24,"column":2},"end":{"line":24,"column":null}},"5":{"start":{"line":30,"column":2},"end":{"line":30,"column":null}},"6":{"start":{"line":37,"column":2},"end":{"line":37,"column":null}},"7":{"start":{"line":32,"column":20},"end":{"line":32,"column":26}},"8":{"start":{"line":40,"column":2},"end":{"line":40,"column":null}},"9":{"start":{"line":39,"column":19},"end":{"line":39,"column":25}},"10":{"start":{"line":12,"column":6},"end":{"line":41,"column":null}},"11":{"start":{"line":43,"column":0},"end":{"line":43,"column":27}}},"fnMap":{"0":{"name":"(anonymous_3)","decl":{"start":{"line":32,"column":14},"end":{"line":32,"column":17}},"loc":{"start":{"line":32,"column":20},"end":{"line":32,"column":26}}},"1":{"name":"(anonymous_4)","decl":{"start":{"line":39,"column":13},"end":{"line":39,"column":16}},"loc":{"start":{"line":39,"column":19},"end":{"line":39,"column":25}}}},"branchMap":{},"s":{"0":2,"1":2,"2":2,"3":2,"4":2,"5":2,"6":2,"7":4,"8":2,"9":4,"10":2,"11":2},"f":{"0":4,"1":4},"b":{}}
,"C:\\PROYECTOS\\JANA\\Server-Jana-Management\\src\\models\\Report.model.ts": {"path":"C:\\PROYECTOS\\JANA\\Server-Jana-Management\\src\\models\\Report.model.ts","statementMap":{"0":{"start":{"line":1,"column":0},"end":{"line":1,"column":null}},"1":{"start":{"line":11,"column":0},"end":{"line":11,"column":36}},"2":{"start":{"line":17,"column":0},"end":{"line":125,"column":null}},"3":{"start":{"line":22,"column":2},"end":{"line":22,"column":null}},"4":{"start":{"line":28,"column":2},"end":{"line":28,"column":null}},"5":{"start":{"line":34,"column":2},"end":{"line":34,"column":null}},"6":{"start":{"line":40,"column":2},"end":{"line":40,"column":null}},"7":{"start":{"line":46,"column":2},"end":{"line":46,"column":null}},"8":{"start":{"line":52,"column":2},"end":{"line":52,"column":null}},"9":{"start":{"line":58,"column":2},"end":{"line":58,"column":null}},"10":{"start":{"line":64,"column":2},"end":{"line":64,"column":null}},"11":{"start":{"line":70,"column":2},"end":{"line":70,"column":null}},"12":{"start":{"line":76,"column":2},"end":{"line":76,"column":null}},"13":{"start":{"line":84,"column":2},"end":{"line":84,"column":null}},"14":{"start":{"line":78,"column":20},"end":{"line":78,"column":26}},"15":{"start":{"line":90,"column":2},"end":{"line":90,"column":null}},"16":{"start":{"line":96,"column":2},"end":{"line":99,"column":null}},"17":{"start":{"line":105,"column":2},"end":{"line":109,"column":null}},"18":{"start":{"line":115,"column":2},"end":{"line":115,"column":null}},"19":{"start":{"line":121,"column":2},"end":{"line":121,"column":null}},"20":{"start":{"line":124,"column":2},"end":{"line":124,"column":null}},"21":{"start":{"line":123,"column":16},"end":{"line":123,"column":22}},"22":{"start":{"line":17,"column":6},"end":{"line":125,"column":null}},"23":{"start":{"line":127,"column":0},"end":{"line":127,"column":22}}},"fnMap":{"0":{"name":"(anonymous_3)","decl":{"start":{"line":78,"column":14},"end":{"line":78,"column":17}},"loc":{"start":{"line":78,"column":20},"end":{"line":78,"column":26}}},"1":{"name":"(anonymous_4)","decl":{"start":{"line":123,"column":10},"end":{"line":123,"column":13}},"loc":{"start":{"line":123,"column":16},"end":{"line":123,"column":22}}}},"branchMap":{},"s":{"0":2,"1":2,"2":2,"3":2,"4":2,"5":2,"6":2,"7":2,"8":2,"9":2,"10":2,"11":2,"12":2,"13":2,"14":0,"15":2,"16":2,"17":2,"18":2,"19":2,"20":2,"21":4,"22":2,"23":2},"f":{"0":0,"1":4},"b":{}}
,"C:\\PROYECTOS\\JANA\\Server-Jana-Management\\src\\models\\Tender.model.ts": {"path":"C:\\PROYECTOS\\JANA\\Server-Jana-Management\\src\\models\\Tender.model.ts","statementMap":{"0":{"start":{"line":1,"column":0},"end":{"line":1,"column":null}},"1":{"start":{"line":11,"column":0},"end":{"line":11,"column":36}},"2":{"start":{"line":12,"column":0},"end":{"line":12,"column":46}},"3":{"start":{"line":16,"column":0},"end":{"line":239,"column":null}},"4":{"start":{"line":23,"column":2},"end":{"line":23,"column":null}},"5":{"start":{"line":29,"column":2},"end":{"line":29,"column":null}},"6":{"start":{"line":35,"column":2},"end":{"line":35,"column":null}},"7":{"start":{"line":41,"column":2},"end":{"line":41,"column":null}},"8":{"start":{"line":47,"column":2},"end":{"line":47,"column":null}},"9":{"start":{"line":53,"column":2},"end":{"line":53,"column":null}},"10":{"start":{"line":59,"column":2},"end":{"line":59,"column":null}},"11":{"start":{"line":66,"column":2},"end":{"line":66,"column":null}},"12":{"start":{"line":73,"column":2},"end":{"line":73,"column":null}},"13":{"start":{"line":80,"column":2},"end":{"line":80,"column":null}},"14":{"start":{"line":87,"column":2},"end":{"line":87,"column":null}},"15":{"start":{"line":94,"column":2},"end":{"line":94,"column":null}},"16":{"start":{"line":101,"column":2},"end":{"line":101,"column":null}},"17":{"start":{"line":108,"column":2},"end":{"line":115,"column":null}},"18":{"start":{"line":122,"column":2},"end":{"line":132,"column":null}},"19":{"start":{"line":139,"column":2},"end":{"line":148,"column":null}},"20":{"start":{"line":155,"column":2},"end":{"line":165,"column":null}},"21":{"start":{"line":178,"column":2},"end":{"line":184,"column":null}},"22":{"start":{"line":191,"column":2},"end":{"line":191,"column":null}},"23":{"start":{"line":199,"column":2},"end":{"line":199,"column":null}},"24":{"start":{"line":205,"column":2},"end":{"line":205,"column":null}},"25":{"start":{"line":212,"column":2},"end":{"line":217,"column":null}},"26":{"start":{"line":224,"column":2},"end":{"line":224,"column":null}},"27":{"start":{"line":219,"column":20},"end":{"line":219,"column":26}},"28":{"start":{"line":231,"column":2},"end":{"line":231,"column":null}},"29":{"start":{"line":234,"column":2},"end":{"line":234,"column":null}},"30":{"start":{"line":233,"column":19},"end":{"line":233,"column":25}},"31":{"start":{"line":237,"column":2},"end":{"line":237,"column":null}},"32":{"start":{"line":236,"column":16},"end":{"line":236,"column":27}},"33":{"start":{"line":16,"column":6},"end":{"line":239,"column":null}},"34":{"start":{"line":241,"column":0},"end":{"line":241,"column":22}}},"fnMap":{"0":{"name":"(anonymous_3)","decl":{"start":{"line":219,"column":14},"end":{"line":219,"column":17}},"loc":{"start":{"line":219,"column":20},"end":{"line":219,"column":26}}},"1":{"name":"(anonymous_4)","decl":{"start":{"line":233,"column":13},"end":{"line":233,"column":16}},"loc":{"start":{"line":233,"column":19},"end":{"line":233,"column":25}}},"2":{"name":"(anonymous_5)","decl":{"start":{"line":236,"column":10},"end":{"line":236,"column":13}},"loc":{"start":{"line":236,"column":16},"end":{"line":236,"column":27}}}},"branchMap":{},"s":{"0":2,"1":2,"2":2,"3":2,"4":2,"5":2,"6":2,"7":2,"8":2,"9":2,"10":2,"11":2,"12":2,"13":2,"14":2,"15":2,"16":2,"17":2,"18":2,"19":2,"20":2,"21":2,"22":2,"23":2,"24":2,"25":2,"26":2,"27":4,"28":2,"29":2,"30":4,"31":2,"32":4,"33":2,"34":2},"f":{"0":4,"1":4,"2":4},"b":{}}
,"C:\\PROYECTOS\\JANA\\Server-Jana-Management\\src\\models\\User.model.ts": {"path":"C:\\PROYECTOS\\JANA\\Server-Jana-Management\\src\\models\\User.model.ts","statementMap":{"0":{"start":{"line":1,"column":0},"end":{"line":1,"column":79}},"1":{"start":{"line":6,"column":0},"end":{"line":93,"column":null}},"2":{"start":{"line":11,"column":2},"end":{"line":11,"column":null}},"3":{"start":{"line":17,"column":2},"end":{"line":17,"column":null}},"4":{"start":{"line":23,"column":2},"end":{"line":23,"column":null}},"5":{"start":{"line":30,"column":2},"end":{"line":30,"column":null}},"6":{"start":{"line":36,"column":2},"end":{"line":36,"column":null}},"7":{"start":{"line":42,"column":2},"end":{"line":42,"column":null}},"8":{"start":{"line":48,"column":2},"end":{"line":48,"column":null}},"9":{"start":{"line":55,"column":2},"end":{"line":55,"column":null}},"10":{"start":{"line":61,"column":2},"end":{"line":61,"column":null}},"11":{"start":{"line":67,"column":2},"end":{"line":67,"column":null}},"12":{"start":{"line":73,"column":2},"end":{"line":73,"column":null}},"13":{"start":{"line":79,"column":2},"end":{"line":79,"column":null}},"14":{"start":{"line":85,"column":2},"end":{"line":85,"column":null}},"15":{"start":{"line":92,"column":2},"end":{"line":92,"column":null}},"16":{"start":{"line":6,"column":6},"end":{"line":93,"column":null}},"17":{"start":{"line":95,"column":0},"end":{"line":95,"column":20}}},"fnMap":{},"branchMap":{},"s":{"0":2,"1":2,"2":2,"3":2,"4":2,"5":2,"6":2,"7":2,"8":2,"9":2,"10":2,"11":2,"12":2,"13":2,"14":2,"15":2,"16":2,"17":2},"f":{},"b":{}}
,"C:\\PROYECTOS\\JANA\\Server-Jana-Management\\src\\router\\consecutiveRouter.ts": {"path":"C:\\PROYECTOS\\JANA\\Server-Jana-Management\\src\\router\\consecutiveRouter.ts","statementMap":{"0":{"start":{"line":1,"column":0},"end":{"line":1,"column":30}},"1":{"start":{"line":2,"column":0},"end":{"line":2,"column":67}},"2":{"start":{"line":3,"column":0},"end":{"line":3,"column":51}},"3":{"start":{"line":5,"column":15},"end":{"line":5,"column":31}},"4":{"start":{"line":7,"column":0},"end":{"line":7,"column":66}},"5":{"start":{"line":9,"column":0},"end":{"line":9,"column":22}}},"fnMap":{},"branchMap":{},"s":{"0":2,"1":2,"2":2,"3":2,"4":2,"5":2},"f":{},"b":{}}
,"C:\\PROYECTOS\\JANA\\Server-Jana-Management\\src\\router\\reportRouter.ts": {"path":"C:\\PROYECTOS\\JANA\\Server-Jana-Management\\src\\router\\reportRouter.ts","statementMap":{"0":{"start":{"line":1,"column":0},"end":{"line":1,"column":33}},"1":{"start":{"line":2,"column":0},"end":{"line":2,"column":null}},"2":{"start":{"line":10,"column":0},"end":{"line":10,"column":63}},"3":{"start":{"line":11,"column":0},"end":{"line":11,"column":79}},"4":{"start":{"line":12,"column":0},"end":{"line":12,"column":42}},"5":{"start":{"line":13,"column":0},"end":{"line":13,"column":81}},"6":{"start":{"line":14,"column":0},"end":{"line":14,"column":51}},"7":{"start":{"line":16,"column":15},"end":{"line":16,"column":23}},"8":{"start":{"line":19,"column":0},"end":{"line":19,"column":null}},"9":{"start":{"line":21,"column":0},"end":{"line":21,"column":28}},"10":{"start":{"line":23,"column":0},"end":{"line":31,"column":2}},"11":{"start":{"line":33,"column":0},"end":{"line":33,"column":72}},"12":{"start":{"line":35,"column":0},"end":{"line":35,"column":75}},"13":{"start":{"line":37,"column":0},"end":{"line":42,"column":2}},"14":{"start":{"line":44,"column":0},"end":{"line":44,"column":36}},"15":{"start":{"line":46,"column":0},"end":{"line":46,"column":22}}},"fnMap":{},"branchMap":{},"s":{"0":2,"1":2,"2":2,"3":2,"4":2,"5":2,"6":2,"7":2,"8":2,"9":2,"10":2,"11":2,"12":2,"13":2,"14":2,"15":2},"f":{},"b":{}}
,"C:\\PROYECTOS\\JANA\\Server-Jana-Management\\src\\router\\tenderRouter.ts": {"path":"C:\\PROYECTOS\\JANA\\Server-Jana-Management\\src\\router\\tenderRouter.ts","statementMap":{"0":{"start":{"line":1,"column":0},"end":{"line":1,"column":33}},"1":{"start":{"line":2,"column":0},"end":{"line":2,"column":null}},"2":{"start":{"line":11,"column":0},"end":{"line":11,"column":51}},"3":{"start":{"line":13,"column":15},"end":{"line":13,"column":23}},"4":{"start":{"line":15,"column":0},"end":{"line":15,"column":null}},"5":{"start":{"line":17,"column":0},"end":{"line":17,"column":34}},"6":{"start":{"line":18,"column":0},"end":{"line":18,"column":33}},"7":{"start":{"line":20,"column":0},"end":{"line":20,"column":28}},"8":{"start":{"line":21,"column":0},"end":{"line":21,"column":30}},"9":{"start":{"line":23,"column":0},"end":{"line":23,"column":36}},"10":{"start":{"line":25,"column":0},"end":{"line":25,"column":22}}},"fnMap":{},"branchMap":{},"s":{"0":2,"1":2,"2":2,"3":2,"4":2,"5":2,"6":2,"7":2,"8":2,"9":2,"10":2},"f":{},"b":{}}
,"C:\\PROYECTOS\\JANA\\Server-Jana-Management\\src\\router\\uploadRouter.ts": {"path":"C:\\PROYECTOS\\JANA\\Server-Jana-Management\\src\\router\\uploadRouter.ts","statementMap":{"0":{"start":{"line":1,"column":0},"end":{"line":1,"column":33}},"1":{"start":{"line":2,"column":0},"end":{"line":2,"column":77}},"2":{"start":{"line":3,"column":0},"end":{"line":3,"column":51}},"3":{"start":{"line":5,"column":15},"end":{"line":5,"column":23}},"4":{"start":{"line":6,"column":0},"end":{"line":6,"column":null}},"5":{"start":{"line":8,"column":0},"end":{"line":8,"column":50}},"6":{"start":{"line":10,"column":0},"end":{"line":10,"column":51}},"7":{"start":{"line":12,"column":0},"end":{"line":12,"column":22}}},"fnMap":{},"branchMap":{},"s":{"0":2,"1":2,"2":2,"3":2,"4":2,"5":2,"6":2,"7":2},"f":{},"b":{}}
,"C:\\PROYECTOS\\JANA\\Server-Jana-Management\\src\\router\\userRouter.ts": {"path":"C:\\PROYECTOS\\JANA\\Server-Jana-Management\\src\\router\\userRouter.ts","statementMap":{"0":{"start":{"line":1,"column":0},"end":{"line":1,"column":33}},"1":{"start":{"line":2,"column":0},"end":{"line":2,"column":null}},"2":{"start":{"line":13,"column":0},"end":{"line":13,"column":63}},"3":{"start":{"line":14,"column":0},"end":{"line":14,"column":75}},"4":{"start":{"line":15,"column":0},"end":{"line":15,"column":83}},"5":{"start":{"line":16,"column":0},"end":{"line":16,"column":74}},"6":{"start":{"line":17,"column":0},"end":{"line":17,"column":51}},"7":{"start":{"line":18,"column":0},"end":{"line":18,"column":42}},"8":{"start":{"line":19,"column":0},"end":{"line":19,"column":79}},"9":{"start":{"line":21,"column":15},"end":{"line":21,"column":23}},"10":{"start":{"line":27,"column":0},"end":{"line":33,"column":2}},"11":{"start":{"line":35,"column":0},"end":{"line":35,"column":69}},"12":{"start":{"line":37,"column":0},"end":{"line":37,"column":40}},"13":{"start":{"line":39,"column":0},"end":{"line":45,"column":2}},"14":{"start":{"line":47,"column":0},"end":{"line":54,"column":2}},"15":{"start":{"line":56,"column":0},"end":{"line":63,"column":2}},"16":{"start":{"line":65,"column":0},"end":{"line":70,"column":2}},"17":{"start":{"line":72,"column":0},"end":{"line":79,"column":2}},"18":{"start":{"line":81,"column":0},"end":{"line":83,"column":3}},"19":{"start":{"line":82,"column":2},"end":{"line":82,"column":43}},"20":{"start":{"line":85,"column":0},"end":{"line":90,"column":2}},"21":{"start":{"line":92,"column":0},"end":{"line":92,"column":22}}},"fnMap":{"0":{"name":"(anonymous_1)","decl":{"start":{"line":81,"column":46},"end":{"line":81,"column":47}},"loc":{"start":{"line":81,"column":59},"end":{"line":83,"column":1}}}},"branchMap":{},"s":{"0":2,"1":2,"2":2,"3":2,"4":2,"5":2,"6":2,"7":2,"8":2,"9":2,"10":2,"11":2,"12":2,"13":2,"14":2,"15":2,"16":2,"17":2,"18":2,"19":1,"20":2,"21":2},"f":{"0":1},"b":{}}
,"C:\\PROYECTOS\\JANA\\Server-Jana-Management\\src\\utils\\jwt.ts": {"path":"C:\\PROYECTOS\\JANA\\Server-Jana-Management\\src\\utils\\jwt.ts","statementMap":{"0":{"start":{"line":1,"column":0},"end":{"line":1,"column":30}},"1":{"start":{"line":12,"column":27},"end":{"line":18,"column":1}},"2":{"start":{"line":14,"column":18},"end":{"line":16,"column":6}},"3":{"start":{"line":17,"column":4},"end":{"line":17,"column":null}},"4":{"start":{"line":12,"column":13},"end":{"line":12,"column":27}}},"fnMap":{"0":{"name":"(anonymous_1)","decl":{"start":{"line":12,"column":27},"end":{"line":12,"column":28}},"loc":{"start":{"line":12,"column":51},"end":{"line":18,"column":1}}}},"branchMap":{},"s":{"0":2,"1":2,"2":1,"3":1,"4":2},"f":{"0":1},"b":{}}
}
