{"C:\\PROYECTOS\\backend-project\\src\\router.ts": {"path":"C:\\PROYECTOS\\backend-project\\src\\router.ts","statementMap":{"0":{"start":{"line":1,"column":0},"end":{"line":1,"column":33}},"1":{"start":{"line":2,"column":0},"end":{"line":2,"column":null}},"2":{"start":{"line":9,"column":0},"end":{"line":9,"column":62}},"3":{"start":{"line":10,"column":0},"end":{"line":10,"column":78}},"4":{"start":{"line":11,"column":0},"end":{"line":11,"column":42}},"5":{"start":{"line":13,"column":15},"end":{"line":13,"column":23}},"6":{"start":{"line":17,"column":0},"end":{"line":17,"column":28}},"7":{"start":{"line":18,"column":0},"end":{"line":23,"column":2}},"8":{"start":{"line":25,"column":0},"end":{"line":25,"column":73}},"9":{"start":{"line":28,"column":0},"end":{"line":34,"column":2}},"10":{"start":{"line":36,"column":0},"end":{"line":41,"column":2}},"11":{"start":{"line":43,"column":0},"end":{"line":43,"column":22}}},"fnMap":{},"branchMap":{},"s":{"0":2,"1":2,"2":2,"3":2,"4":2,"5":2,"6":2,"7":2,"8":2,"9":2,"10":2,"11":2},"f":{},"b":{}}
,"C:\\PROYECTOS\\backend-project\\src\\server.ts": {"path":"C:\\PROYECTOS\\backend-project\\src\\server.ts","statementMap":{"0":{"start":{"line":1,"column":0},"end":{"line":1,"column":30}},"1":{"start":{"line":2,"column":0},"end":{"line":2,"column":28}},"2":{"start":{"line":3,"column":0},"end":{"line":3,"column":36}},"3":{"start":{"line":4,"column":0},"end":{"line":4,"column":29}},"4":{"start":{"line":8,"column":25},"end":{"line":19,"column":1}},"5":{"start":{"line":9,"column":2},"end":{"line":18,"column":3}},"6":{"start":{"line":10,"column":4},"end":{"line":10,"column":28}},"7":{"start":{"line":11,"column":4},"end":{"line":11,"column":14}},"8":{"start":{"line":12,"column":4},"end":{"line":14,"column":6}},"9":{"start":{"line":17,"column":4},"end":{"line":17,"column":67}},"10":{"start":{"line":8,"column":13},"end":{"line":8,"column":25}},"11":{"start":{"line":21,"column":0},"end":{"line":21,"column":12}},"12":{"start":{"line":23,"column":15},"end":{"line":23,"column":24}},"13":{"start":{"line":26,"column":0},"end":{"line":26,"column":27}},"14":{"start":{"line":27,"column":0},"end":{"line":27,"column":51}},"15":{"start":{"line":30,"column":0},"end":{"line":30,"column":40}},"16":{"start":{"line":32,"column":0},"end":{"line":32,"column":22}}},"fnMap":{"0":{"name":"(anonymous_1)","decl":{"start":{"line":8,"column":25},"end":{"line":8,"column":30}},"loc":{"start":{"line":8,"column":36},"end":{"line":19,"column":1}}}},"branchMap":{},"s":{"0":2,"1":2,"2":2,"3":2,"4":2,"5":3,"6":3,"7":2,"8":2,"9":1,"10":2,"11":2,"12":2,"13":2,"14":2,"15":2,"16":2},"f":{"0":3},"b":{}}
,"C:\\PROYECTOS\\backend-project\\src\\config\\db.ts": {"path":"C:\\PROYECTOS\\backend-project\\src\\config\\db.ts","statementMap":{"0":{"start":{"line":1,"column":0},"end":{"line":1,"column":49}},"1":{"start":{"line":2,"column":0},"end":{"line":2,"column":28}},"2":{"start":{"line":6,"column":0},"end":{"line":6,"column":16}},"3":{"start":{"line":8,"column":11},"end":{"line":20,"column":2}},"4":{"start":{"line":22,"column":0},"end":{"line":22,"column":18}}},"fnMap":{},"branchMap":{},"s":{"0":2,"1":2,"2":2,"3":2,"4":2},"f":{},"b":{}}
,"C:\\PROYECTOS\\backend-project\\src\\handlers\\report.ts": {"path":"C:\\PROYECTOS\\backend-project\\src\\handlers\\report.ts","statementMap":{"0":{"start":{"line":2,"column":0},"end":{"line":2,"column":44}},"1":{"start":{"line":3,"column":0},"end":{"line":3,"column":48}},"2":{"start":{"line":4,"column":0},"end":{"line":4,"column":49}},"3":{"start":{"line":5,"column":0},"end":{"line":5,"column":30}},"4":{"start":{"line":10,"column":28},"end":{"line":52,"column":1}},"5":{"start":{"line":11,"column":22},"end":{"line":11,"column":44}},"6":{"start":{"line":13,"column":50},"end":{"line":13,"column":58}},"7":{"start":{"line":19,"column":2},"end":{"line":51,"column":3}},"8":{"start":{"line":20,"column":22},"end":{"line":20,"column":70}},"9":{"start":{"line":23,"column":4},"end":{"line":30,"column":5}},"10":{"start":{"line":24,"column":6},"end":{"line":29,"column":7}},"11":{"start":{"line":25,"column":8},"end":{"line":28,"column":10}},"12":{"start":{"line":33,"column":4},"end":{"line":40,"column":5}},"13":{"start":{"line":34,"column":6},"end":{"line":39,"column":7}},"14":{"start":{"line":35,"column":8},"end":{"line":38,"column":10}},"15":{"start":{"line":41,"column":4},"end":{"line":41,"column":25}},"16":{"start":{"line":43,"column":23},"end":{"line":45,"column":6}},"17":{"start":{"line":47,"column":4},"end":{"line":47,"column":47}},"18":{"start":{"line":49,"column":4},"end":{"line":49,"column":27}},"19":{"start":{"line":50,"column":4},"end":{"line":50,"column":51}},"20":{"start":{"line":10,"column":13},"end":{"line":10,"column":28}},"21":{"start":{"line":62,"column":26},"end":{"line":72,"column":1}},"22":{"start":{"line":63,"column":2},"end":{"line":71,"column":3}},"23":{"start":{"line":64,"column":20},"end":{"line":66,"column":6}},"24":{"start":{"line":67,"column":4},"end":{"line":67,"column":44}},"25":{"start":{"line":69,"column":4},"end":{"line":69,"column":50}},"26":{"start":{"line":70,"column":4},"end":{"line":70,"column":61}},"27":{"start":{"line":62,"column":13},"end":{"line":62,"column":26}},"28":{"start":{"line":74,"column":29},"end":{"line":88,"column":1}},"29":{"start":{"line":75,"column":2},"end":{"line":87,"column":3}},"30":{"start":{"line":76,"column":19},"end":{"line":76,"column":29}},"31":{"start":{"line":77,"column":19},"end":{"line":79,"column":6}},"32":{"start":{"line":80,"column":4},"end":{"line":82,"column":5}},"33":{"start":{"line":81,"column":6},"end":{"line":81,"column":70}},"34":{"start":{"line":83,"column":4},"end":{"line":83,"column":43}},"35":{"start":{"line":85,"column":4},"end":{"line":85,"column":50}},"36":{"start":{"line":86,"column":4},"end":{"line":86,"column":61}},"37":{"start":{"line":74,"column":13},"end":{"line":74,"column":29}},"38":{"start":{"line":91,"column":28},"end":{"line":135,"column":1}},"39":{"start":{"line":92,"column":22},"end":{"line":92,"column":44}},"40":{"start":{"line":94,"column":17},"end":{"line":94,"column":27}},"41":{"start":{"line":95,"column":50},"end":{"line":95,"column":58}},"42":{"start":{"line":97,"column":2},"end":{"line":134,"column":3}},"43":{"start":{"line":98,"column":19},"end":{"line":98,"column":61}},"44":{"start":{"line":99,"column":4},"end":{"line":102,"column":5}},"45":{"start":{"line":100,"column":6},"end":{"line":100,"column":35}},"46":{"start":{"line":101,"column":6},"end":{"line":101,"column":70}},"47":{"start":{"line":104,"column":4},"end":{"line":104,"column":53}},"48":{"start":{"line":107,"column":4},"end":{"line":113,"column":5}},"49":{"start":{"line":109,"column":6},"end":{"line":109,"column":72}},"50":{"start":{"line":110,"column":6},"end":{"line":112,"column":7}},"51":{"start":{"line":111,"column":8},"end":{"line":111,"column":73}},"52":{"start":{"line":116,"column":4},"end":{"line":122,"column":5}},"53":{"start":{"line":118,"column":6},"end":{"line":118,"column":71}},"54":{"start":{"line":119,"column":6},"end":{"line":121,"column":7}},"55":{"start":{"line":120,"column":8},"end":{"line":120,"column":78}},"56":{"start":{"line":124,"column":4},"end":{"line":124,"column":31}},"57":{"start":{"line":126,"column":26},"end":{"line":128,"column":6}},"58":{"start":{"line":130,"column":4},"end":{"line":130,"column":50}},"59":{"start":{"line":132,"column":4},"end":{"line":132,"column":33}},"60":{"start":{"line":133,"column":4},"end":{"line":133,"column":51}},"61":{"start":{"line":91,"column":13},"end":{"line":91,"column":28}},"62":{"start":{"line":139,"column":28},"end":{"line":163,"column":1}},"63":{"start":{"line":140,"column":22},"end":{"line":140,"column":44}},"64":{"start":{"line":141,"column":17},"end":{"line":141,"column":27}},"65":{"start":{"line":143,"column":2},"end":{"line":162,"column":3}},"66":{"start":{"line":145,"column":19},"end":{"line":145,"column":61}},"67":{"start":{"line":146,"column":4},"end":{"line":149,"column":5}},"68":{"start":{"line":147,"column":6},"end":{"line":147,"column":35}},"69":{"start":{"line":148,"column":6},"end":{"line":148,"column":70}},"70":{"start":{"line":151,"column":4},"end":{"line":151,"column":69}},"71":{"start":{"line":153,"column":4},"end":{"line":153,"column":70}},"72":{"start":{"line":155,"column":4},"end":{"line":155,"column":27}},"73":{"start":{"line":156,"column":4},"end":{"line":156,"column":31}},"74":{"start":{"line":158,"column":4},"end":{"line":158,"column":99}},"75":{"start":{"line":160,"column":4},"end":{"line":160,"column":33}},"76":{"start":{"line":161,"column":4},"end":{"line":161,"column":51}},"77":{"start":{"line":139,"column":13},"end":{"line":139,"column":28}}},"fnMap":{"0":{"name":"(anonymous_1)","decl":{"start":{"line":10,"column":28},"end":{"line":10,"column":33}},"loc":{"start":{"line":10,"column":66},"end":{"line":52,"column":1}}},"1":{"name":"(anonymous_2)","decl":{"start":{"line":62,"column":26},"end":{"line":62,"column":31}},"loc":{"start":{"line":62,"column":64},"end":{"line":72,"column":1}}},"2":{"name":"(anonymous_3)","decl":{"start":{"line":74,"column":29},"end":{"line":74,"column":34}},"loc":{"start":{"line":74,"column":67},"end":{"line":88,"column":1}}},"3":{"name":"(anonymous_4)","decl":{"start":{"line":91,"column":28},"end":{"line":91,"column":33}},"loc":{"start":{"line":91,"column":66},"end":{"line":135,"column":1}}},"4":{"name":"(anonymous_5)","decl":{"start":{"line":139,"column":28},"end":{"line":139,"column":33}},"loc":{"start":{"line":139,"column":66},"end":{"line":163,"column":1}}}},"branchMap":{"0":{"loc":{"start":{"line":23,"column":4},"end":{"line":30,"column":5}},"type":"if","locations":[{"start":{"line":23,"column":4},"end":{"line":30,"column":5}}]},"1":{"loc":{"start":{"line":23,"column":8},"end":{"line":23,"column":41}},"type":"binary-expr","locations":[{"start":{"line":23,"column":8},"end":{"line":23,"column":17}},{"start":{"line":23,"column":21},"end":{"line":23,"column":41}}]},"2":{"loc":{"start":{"line":33,"column":4},"end":{"line":40,"column":5}},"type":"if","locations":[{"start":{"line":33,"column":4},"end":{"line":40,"column":5}}]},"3":{"loc":{"start":{"line":33,"column":8},"end":{"line":33,"column":41}},"type":"binary-expr","locations":[{"start":{"line":33,"column":8},"end":{"line":33,"column":17}},{"start":{"line":33,"column":21},"end":{"line":33,"column":41}}]},"4":{"loc":{"start":{"line":80,"column":4},"end":{"line":82,"column":5}},"type":"if","locations":[{"start":{"line":80,"column":4},"end":{"line":82,"column":5}}]},"5":{"loc":{"start":{"line":99,"column":4},"end":{"line":102,"column":5}},"type":"if","locations":[{"start":{"line":99,"column":4},"end":{"line":102,"column":5}}]},"6":{"loc":{"start":{"line":107,"column":4},"end":{"line":113,"column":5}},"type":"if","locations":[{"start":{"line":107,"column":4},"end":{"line":113,"column":5}}]},"7":{"loc":{"start":{"line":107,"column":8},"end":{"line":107,"column":41}},"type":"binary-expr","locations":[{"start":{"line":107,"column":8},"end":{"line":107,"column":17}},{"start":{"line":107,"column":21},"end":{"line":107,"column":41}}]},"8":{"loc":{"start":{"line":116,"column":4},"end":{"line":122,"column":5}},"type":"if","locations":[{"start":{"line":116,"column":4},"end":{"line":122,"column":5}}]},"9":{"loc":{"start":{"line":116,"column":8},"end":{"line":116,"column":41}},"type":"binary-expr","locations":[{"start":{"line":116,"column":8},"end":{"line":116,"column":17}},{"start":{"line":116,"column":21},"end":{"line":116,"column":41}}]},"10":{"loc":{"start":{"line":146,"column":4},"end":{"line":149,"column":5}},"type":"if","locations":[{"start":{"line":146,"column":4},"end":{"line":149,"column":5}}]}},"s":{"0":2,"1":2,"2":2,"3":2,"4":2,"5":1,"6":1,"7":1,"8":1,"9":1,"10":1,"11":2,"12":1,"13":1,"14":3,"15":1,"16":1,"17":1,"18":0,"19":0,"20":2,"21":2,"22":2,"23":2,"24":2,"25":0,"26":0,"27":2,"28":2,"29":2,"30":2,"31":2,"32":2,"33":1,"34":1,"35":0,"36":0,"37":2,"38":2,"39":2,"40":2,"41":2,"42":2,"43":2,"44":2,"45":1,"46":1,"47":1,"48":1,"49":1,"50":1,"51":1,"52":1,"53":1,"54":1,"55":3,"56":1,"57":1,"58":1,"59":0,"60":0,"61":2,"62":2,"63":1,"64":1,"65":1,"66":1,"67":1,"68":1,"69":1,"70":0,"71":0,"72":0,"73":0,"74":0,"75":0,"76":0,"77":2},"f":{"0":1,"1":2,"2":2,"3":2,"4":1},"b":{"0":[1],"1":[1,1],"2":[1],"3":[1,1],"4":[1],"5":[1],"6":[1],"7":[1,1],"8":[1],"9":[1,1],"10":[1]}}
,"C:\\PROYECTOS\\backend-project\\src\\middlewares\\handleInputErros.ts": {"path":"C:\\PROYECTOS\\backend-project\\src\\middlewares\\handleInputErros.ts","statementMap":{"0":{"start":{"line":2,"column":0},"end":{"line":2,"column":53}},"1":{"start":{"line":4,"column":25},"end":{"line":10,"column":1}},"2":{"start":{"line":5,"column":15},"end":{"line":5,"column":36}},"3":{"start":{"line":6,"column":2},"end":{"line":8,"column":3}},"4":{"start":{"line":7,"column":4},"end":{"line":7,"column":60}},"5":{"start":{"line":9,"column":2},"end":{"line":9,"column":9}},"6":{"start":{"line":11,"column":0},"end":{"line":11,"column":32}}},"fnMap":{"0":{"name":"(anonymous_0)","decl":{"start":{"line":4,"column":25},"end":{"line":4,"column":26}},"loc":{"start":{"line":4,"column":77},"end":{"line":10,"column":1}}}},"branchMap":{"0":{"loc":{"start":{"line":6,"column":2},"end":{"line":8,"column":3}},"type":"if","locations":[{"start":{"line":6,"column":2},"end":{"line":8,"column":3}}]}},"s":{"0":2,"1":2,"2":11,"3":11,"4":5,"5":6,"6":2},"f":{"0":11},"b":{"0":[5]}}
,"C:\\PROYECTOS\\backend-project\\src\\middlewares\\reportValidationSchema.ts": {"path":"C:\\PROYECTOS\\backend-project\\src\\middlewares\\reportValidationSchema.ts","statementMap":{"0":{"start":{"line":1,"column":0},"end":{"line":1,"column":41}},"1":{"start":{"line":5,"column":13},"end":{"line":84,"column":2}},"2":{"start":{"line":23,"column":23},"end":{"line":23,"column":32}},"3":{"start":{"line":64,"column":23},"end":{"line":64,"column":32}},"4":{"start":{"line":77,"column":23},"end":{"line":77,"column":32}}},"fnMap":{"0":{"name":"(anonymous_0)","decl":{"start":{"line":23,"column":12},"end":{"line":23,"column":13}},"loc":{"start":{"line":23,"column":23},"end":{"line":23,"column":32}}},"1":{"name":"(anonymous_1)","decl":{"start":{"line":64,"column":12},"end":{"line":64,"column":13}},"loc":{"start":{"line":64,"column":23},"end":{"line":64,"column":32}}},"2":{"name":"(anonymous_2)","decl":{"start":{"line":77,"column":12},"end":{"line":77,"column":13}},"loc":{"start":{"line":77,"column":23},"end":{"line":77,"column":32}}}},"branchMap":{},"s":{"0":2,"1":2,"2":6,"3":4,"4":9},"f":{"0":6,"1":4,"2":9},"b":{}}
,"C:\\PROYECTOS\\backend-project\\src\\models\\Material.model.ts": {"path":"C:\\PROYECTOS\\backend-project\\src\\models\\Material.model.ts","statementMap":{"0":{"start":{"line":1,"column":0},"end":{"line":1,"column":null}},"1":{"start":{"line":8,"column":0},"end":{"line":8,"column":36}},"2":{"start":{"line":13,"column":0},"end":{"line":40,"column":null}},"3":{"start":{"line":18,"column":2},"end":{"line":18,"column":null}},"4":{"start":{"line":24,"column":2},"end":{"line":24,"column":null}},"5":{"start":{"line":30,"column":2},"end":{"line":30,"column":null}},"6":{"start":{"line":37,"column":2},"end":{"line":37,"column":null}},"7":{"start":{"line":32,"column":20},"end":{"line":32,"column":26}},"8":{"start":{"line":13,"column":6},"end":{"line":40,"column":null}},"9":{"start":{"line":42,"column":0},"end":{"line":42,"column":24}}},"fnMap":{"0":{"name":"(anonymous_3)","decl":{"start":{"line":32,"column":14},"end":{"line":32,"column":17}},"loc":{"start":{"line":32,"column":20},"end":{"line":32,"column":26}}}},"branchMap":{},"s":{"0":3,"1":3,"2":3,"3":3,"4":3,"5":3,"6":3,"7":2,"8":3,"9":3},"f":{"0":2},"b":{}}
,"C:\\PROYECTOS\\backend-project\\src\\models\\Report.model.ts": {"path":"C:\\PROYECTOS\\backend-project\\src\\models\\Report.model.ts","statementMap":{"0":{"start":{"line":1,"column":0},"end":{"line":1,"column":90}},"1":{"start":{"line":2,"column":0},"end":{"line":2,"column":41}},"2":{"start":{"line":3,"column":0},"end":{"line":3,"column":40}},"3":{"start":{"line":9,"column":0},"end":{"line":83,"column":null}},"4":{"start":{"line":14,"column":2},"end":{"line":14,"column":null}},"5":{"start":{"line":20,"column":2},"end":{"line":20,"column":null}},"6":{"start":{"line":26,"column":2},"end":{"line":26,"column":null}},"7":{"start":{"line":32,"column":2},"end":{"line":32,"column":null}},"8":{"start":{"line":38,"column":2},"end":{"line":38,"column":null}},"9":{"start":{"line":44,"column":2},"end":{"line":44,"column":null}},"10":{"start":{"line":50,"column":2},"end":{"line":50,"column":null}},"11":{"start":{"line":56,"column":2},"end":{"line":56,"column":null}},"12":{"start":{"line":62,"column":2},"end":{"line":62,"column":null}},"13":{"start":{"line":68,"column":2},"end":{"line":68,"column":null}},"14":{"start":{"line":74,"column":2},"end":{"line":74,"column":null}},"15":{"start":{"line":77,"column":2},"end":{"line":77,"column":null}},"16":{"start":{"line":76,"column":17},"end":{"line":76,"column":26}},"17":{"start":{"line":80,"column":2},"end":{"line":80,"column":null}},"18":{"start":{"line":79,"column":17},"end":{"line":79,"column":25}},"19":{"start":{"line":9,"column":6},"end":{"line":83,"column":null}},"20":{"start":{"line":85,"column":0},"end":{"line":85,"column":null}}},"fnMap":{"0":{"name":"(anonymous_3)","decl":{"start":{"line":76,"column":11},"end":{"line":76,"column":14}},"loc":{"start":{"line":76,"column":17},"end":{"line":76,"column":26}}},"1":{"name":"(anonymous_4)","decl":{"start":{"line":79,"column":11},"end":{"line":79,"column":14}},"loc":{"start":{"line":79,"column":17},"end":{"line":79,"column":25}}}},"branchMap":{},"s":{"0":3,"1":3,"2":3,"3":3,"4":3,"5":3,"6":3,"7":3,"8":3,"9":3,"10":3,"11":3,"12":3,"13":3,"14":3,"15":3,"16":16,"17":3,"18":16,"19":3,"20":3},"f":{"0":16,"1":16},"b":{}}
,"C:\\PROYECTOS\\backend-project\\src\\models\\Worforce.model.ts": {"path":"C:\\PROYECTOS\\backend-project\\src\\models\\Worforce.model.ts","statementMap":{"0":{"start":{"line":1,"column":0},"end":{"line":1,"column":null}},"1":{"start":{"line":8,"column":0},"end":{"line":8,"column":36}},"2":{"start":{"line":13,"column":0},"end":{"line":30,"column":null}},"3":{"start":{"line":18,"column":2},"end":{"line":18,"column":null}},"4":{"start":{"line":23,"column":2},"end":{"line":23,"column":null}},"5":{"start":{"line":27,"column":2},"end":{"line":27,"column":null}},"6":{"start":{"line":25,"column":20},"end":{"line":25,"column":26}},"7":{"start":{"line":13,"column":6},"end":{"line":30,"column":null}},"8":{"start":{"line":32,"column":0},"end":{"line":32,"column":25}}},"fnMap":{"0":{"name":"(anonymous_3)","decl":{"start":{"line":25,"column":14},"end":{"line":25,"column":17}},"loc":{"start":{"line":25,"column":20},"end":{"line":25,"column":26}}}},"branchMap":{},"s":{"0":3,"1":3,"2":3,"3":3,"4":3,"5":3,"6":2,"7":3,"8":3},"f":{"0":2},"b":{}}
}
