TN:
SF:src\router.ts
FNF:0
FNH:0
DA:1,2
DA:2,2
DA:9,2
DA:10,2
DA:11,2
DA:13,2
DA:17,2
DA:18,2
DA:25,2
DA:28,2
DA:36,2
DA:43,2
LF:12
LH:12
BRF:0
BRH:0
end_of_record
TN:
SF:src\server.ts
FN:8,(anonymous_1)
FNF:1
FNH:1
FNDA:3,(anonymous_1)
DA:1,2
DA:2,2
DA:3,2
DA:4,2
DA:8,2
DA:9,3
DA:10,3
DA:11,2
DA:12,2
DA:17,1
DA:21,2
DA:23,2
DA:26,2
DA:27,2
DA:30,2
DA:32,2
LF:16
LH:16
BRF:0
BRH:0
end_of_record
TN:
SF:src\config\db.ts
FNF:0
FNH:0
DA:1,2
DA:2,2
DA:6,2
DA:8,2
DA:22,2
LF:5
LH:5
BRF:0
BRH:0
end_of_record
TN:
SF:src\handlers\report.ts
FN:10,(anonymous_1)
FN:62,(anonymous_2)
FN:74,(anonymous_3)
FN:91,(anonymous_4)
FN:139,(anonymous_5)
FNF:5
FNH:5
FNDA:1,(anonymous_1)
FNDA:2,(anonymous_2)
FNDA:2,(anonymous_3)
FNDA:2,(anonymous_4)
FNDA:1,(anonymous_5)
DA:2,2
DA:3,2
DA:4,2
DA:5,2
DA:10,2
DA:11,1
DA:13,1
DA:19,1
DA:20,1
DA:23,1
DA:24,1
DA:25,2
DA:33,1
DA:34,1
DA:35,3
DA:41,1
DA:43,1
DA:47,1
DA:49,0
DA:50,0
DA:62,2
DA:63,2
DA:64,2
DA:67,2
DA:69,0
DA:70,0
DA:74,2
DA:75,2
DA:76,2
DA:77,2
DA:80,2
DA:81,1
DA:83,1
DA:85,0
DA:86,0
DA:91,2
DA:92,2
DA:94,2
DA:95,2
DA:97,2
DA:98,2
DA:99,2
DA:100,1
DA:101,1
DA:104,1
DA:107,1
DA:109,1
DA:110,1
DA:111,1
DA:116,1
DA:118,1
DA:119,1
DA:120,3
DA:124,1
DA:126,1
DA:130,1
DA:132,0
DA:133,0
DA:139,2
DA:140,1
DA:141,1
DA:143,1
DA:145,1
DA:146,1
DA:147,1
DA:148,1
DA:151,0
DA:153,0
DA:155,0
DA:156,0
DA:158,0
DA:160,0
DA:161,0
LF:73
LH:58
BRDA:23,0,0,1
BRDA:23,1,0,1
BRDA:23,1,1,1
BRDA:33,2,0,1
BRDA:33,3,0,1
BRDA:33,3,1,1
BRDA:80,4,0,1
BRDA:99,5,0,1
BRDA:107,6,0,1
BRDA:107,7,0,1
BRDA:107,7,1,1
BRDA:116,8,0,1
BRDA:116,9,0,1
BRDA:116,9,1,1
BRDA:146,10,0,1
BRF:15
BRH:15
end_of_record
TN:
SF:src\middlewares\handleInputErros.ts
FN:4,(anonymous_0)
FNF:1
FNH:1
FNDA:11,(anonymous_0)
DA:2,2
DA:4,2
DA:5,11
DA:6,11
DA:7,5
DA:9,6
DA:11,2
LF:7
LH:7
BRDA:6,0,0,5
BRF:1
BRH:1
end_of_record
TN:
SF:src\middlewares\reportValidationSchema.ts
FN:23,(anonymous_0)
FN:64,(anonymous_1)
FN:77,(anonymous_2)
FNF:3
FNH:3
FNDA:6,(anonymous_0)
FNDA:4,(anonymous_1)
FNDA:9,(anonymous_2)
DA:1,2
DA:5,2
DA:23,6
DA:64,4
DA:77,9
LF:5
LH:5
BRF:0
BRH:0
end_of_record
TN:
SF:src\models\Material.model.ts
FN:32,(anonymous_3)
FNF:1
FNH:1
FNDA:2,(anonymous_3)
DA:1,3
DA:8,3
DA:13,3
DA:18,3
DA:24,3
DA:30,3
DA:32,2
DA:37,3
DA:42,3
LF:9
LH:9
BRF:0
BRH:0
end_of_record
TN:
SF:src\models\Report.model.ts
FN:76,(anonymous_3)
FN:79,(anonymous_4)
FNF:2
FNH:2
FNDA:16,(anonymous_3)
FNDA:16,(anonymous_4)
DA:1,3
DA:2,3
DA:3,3
DA:9,3
DA:14,3
DA:20,3
DA:26,3
DA:32,3
DA:38,3
DA:44,3
DA:50,3
DA:56,3
DA:62,3
DA:68,3
DA:74,3
DA:76,16
DA:77,3
DA:79,16
DA:80,3
DA:85,3
LF:20
LH:20
BRF:0
BRH:0
end_of_record
TN:
SF:src\models\Worforce.model.ts
FN:25,(anonymous_3)
FNF:1
FNH:1
FNDA:2,(anonymous_3)
DA:1,3
DA:8,3
DA:13,3
DA:18,3
DA:23,3
DA:25,2
DA:27,3
DA:32,3
LF:8
LH:8
BRF:0
BRH:0
end_of_record
