TN:
SF:src\server.ts
FN:18,(anonymous_1)
FN:40,(anonymous_2)
FN:75,(anonymous_3)
FNF:3
FNH:3
FNDA:2,(anonymous_1)
FNDA:31,(anonymous_2)
FNDA:1,(anonymous_3)
DA:1,2
DA:2,2
DA:4,2
DA:6,2
DA:8,2
DA:9,2
DA:10,2
DA:11,2
DA:12,2
DA:13,2
DA:14,2
DA:18,2
DA:19,2
DA:20,2
DA:21,1
DA:26,0
DA:27,0
DA:31,2
DA:33,2
DA:35,2
DA:39,2
DA:41,31
DA:42,31
DA:43,31
DA:45,0
DA:56,2
DA:59,2
DA:60,2
DA:63,2
DA:65,2
DA:69,2
DA:70,2
DA:71,2
DA:72,2
DA:75,2
DA:76,1
DA:83,2
LF:37
LH:34
BRDA:42,0,0,31
BRDA:42,0,1,0
BRDA:42,1,0,31
BRDA:42,1,1,0
BRF:4
BRH:2
end_of_record
TN:
SF:src\config\db.ts
FNF:0
FNH:0
DA:2,2
DA:3,2
DA:6,2
DA:8,2
DA:25,2
LF:5
LH:5
BRF:0
BRH:0
end_of_record
TN:
SF:src\handlers\consecutiveController.ts
FN:5,(anonymous_1)
FN:10,(anonymous_2)
FNF:2
FNH:0
FNDA:0,(anonymous_1)
FNDA:0,(anonymous_2)
DA:2,2
DA:3,2
DA:5,2
DA:6,0
DA:7,0
DA:10,2
DA:11,0
DA:13,0
DA:15,0
DA:16,0
DA:17,0
DA:21,0
DA:23,0
DA:27,0
DA:28,0
DA:32,0
DA:35,0
DA:38,0
DA:46,0
DA:49,0
DA:51,0
DA:52,0
DA:56,2
LF:23
LH:5
BRDA:16,0,0,0
BRDA:21,1,0,0
BRDA:32,2,0,0
BRDA:32,2,1,0
BRF:4
BRH:0
end_of_record
TN:
SF:src\handlers\reportController.ts
FN:5,(anonymous_1)
FN:21,(anonymous_2)
FN:34,(anonymous_3)
FN:71,(anonymous_4)
FN:98,(anonymous_5)
FN:122,(anonymous_6)
FNF:6
FNH:0
FNDA:0,(anonymous_1)
FNDA:0,(anonymous_2)
FNDA:0,(anonymous_3)
FNDA:0,(anonymous_4)
FNDA:0,(anonymous_5)
FNDA:0,(anonymous_6)
DA:2,2
DA:5,2
DA:6,0
DA:7,0
DA:8,0
DA:9,0
DA:12,0
DA:14,0
DA:15,0
DA:16,0
DA:21,2
DA:22,0
DA:23,0
DA:26,0
DA:28,0
DA:29,0
DA:34,2
DA:35,0
DA:37,0
DA:38,0
DA:41,0
DA:42,0
DA:45,0
DA:46,0
DA:63,0
DA:65,0
DA:66,0
DA:71,2
DA:72,0
DA:73,0
DA:75,0
DA:76,0
DA:78,0
DA:79,0
DA:80,0
DA:85,0
DA:86,0
DA:90,0
DA:92,0
DA:93,0
DA:98,2
DA:99,0
DA:101,0
DA:102,0
DA:104,0
DA:105,0
DA:108,0
DA:109,0
DA:112,0
DA:114,0
DA:116,0
DA:117,0
DA:122,2
DA:123,0
DA:125,0
DA:126,0
DA:128,0
DA:129,0
DA:132,0
DA:133,0
DA:135,0
DA:137,0
DA:141,0
DA:142,0
LF:64
LH:7
BRDA:41,0,0,0
BRDA:78,1,0,0
BRDA:104,2,0,0
BRDA:128,3,0,0
BRF:4
BRH:0
end_of_record
TN:
SF:src\handlers\tenderController.ts
FN:14,(anonymous_1)
FN:54,(anonymous_2)
FN:68,(anonymous_3)
FN:101,(anonymous_4)
FN:115,(anonymous_5)
FN:140,(anonymous_6)
FN:163,(anonymous_7)
FNF:7
FNH:0
FNDA:0,(anonymous_1)
FNDA:0,(anonymous_2)
FNDA:0,(anonymous_3)
FNDA:0,(anonymous_4)
FNDA:0,(anonymous_5)
FNDA:0,(anonymous_6)
FNDA:0,(anonymous_7)
DA:2,2
DA:3,2
DA:5,2
DA:14,2
DA:15,0
DA:16,0
DA:18,0
DA:32,0
DA:34,0
DA:35,0
DA:37,0
DA:38,0
DA:39,0
DA:41,0
DA:42,0
DA:43,0
DA:46,0
DA:47,0
DA:48,0
DA:49,0
DA:50,0
DA:51,0
DA:52,0
DA:53,0
DA:54,0
DA:67,0
DA:68,0
DA:79,0
DA:82,0
DA:86,0
DA:88,0
DA:92,0
DA:94,0
DA:95,0
DA:96,0
DA:101,2
DA:102,0
DA:103,0
DA:106,0
DA:108,0
DA:109,0
DA:110,0
DA:115,2
DA:116,0
DA:117,0
DA:118,0
DA:124,0
DA:125,0
DA:128,0
DA:129,0
DA:131,0
DA:133,0
DA:134,0
DA:135,0
DA:140,2
DA:141,0
DA:142,0
DA:143,0
DA:144,0
DA:145,0
DA:146,0
DA:149,0
DA:150,0
DA:153,0
DA:154,0
DA:156,0
DA:157,0
DA:158,0
DA:163,2
DA:164,0
DA:166,0
DA:168,0
DA:169,0
DA:170,0
DA:171,0
DA:175,0
DA:176,0
DA:177,0
DA:178,0
DA:182,0
DA:185,0
DA:188,0
DA:190,0
DA:191,0
LF:84
LH:8
BRDA:37,0,0,0
BRDA:41,1,0,0
BRDA:124,2,0,0
BRDA:145,3,0,0
BRDA:169,4,0,0
BRDA:176,5,0,0
BRF:6
BRH:0
end_of_record
TN:
SF:src\handlers\uploadsController.ts
FN:6,saveImage
FN:15,(anonymous_2)
FN:45,(anonymous_3)
FNF:3
FNH:0
FNDA:0,saveImage
FNDA:0,(anonymous_2)
FNDA:0,(anonymous_3)
DA:2,2
DA:3,2
DA:4,2
DA:7,0
DA:8,0
DA:9,0
DA:10,0
DA:11,0
DA:12,0
DA:15,2
DA:16,0
DA:17,0
DA:18,0
DA:19,0
DA:20,0
DA:21,0
DA:24,0
DA:25,0
DA:26,0
DA:29,0
DA:34,0
DA:35,0
DA:37,0
DA:41,0
DA:45,2
DA:46,0
DA:48,0
DA:50,0
DA:52,0
DA:53,0
DA:57,0
DA:58,0
DA:59,0
DA:63,0
DA:65,0
DA:66,0
LF:36
LH:5
BRDA:19,0,0,0
BRDA:24,1,0,0
BRDA:52,2,0,0
BRDA:58,3,0,0
BRF:4
BRH:0
end_of_record
TN:
SF:src\handlers\userController.ts
FN:10,(anonymous_1)
FN:29,(anonymous_2)
FN:47,(anonymous_3)
FN:65,(anonymous_4)
FN:92,(anonymous_5)
FN:120,(anonymous_6)
FN:146,(anonymous_7)
FN:167,(anonymous_8)
FN:211,(anonymous_9)
FNF:9
FNH:9
FNDA:1,(anonymous_1)
FNDA:1,(anonymous_2)
FNDA:3,(anonymous_3)
FNDA:1,(anonymous_4)
FNDA:3,(anonymous_5)
FNDA:1,(anonymous_6)
FNDA:3,(anonymous_7)
FNDA:2,(anonymous_8)
FNDA:1,(anonymous_9)
DA:2,2
DA:3,2
DA:4,2
DA:10,2
DA:11,1
DA:12,1
DA:13,1
DA:14,1
DA:15,1
DA:17,1
DA:18,1
DA:21,1
DA:23,0
DA:24,0
DA:29,2
DA:30,1
DA:31,1
DA:34,1
DA:35,0
DA:36,0
DA:38,1
DA:40,0
DA:41,0
DA:42,0
DA:47,2
DA:48,3
DA:49,3
DA:50,3
DA:53,2
DA:54,1
DA:56,1
DA:58,1
DA:59,1
DA:60,1
DA:65,2
DA:66,1
DA:67,1
DA:68,1
DA:69,1
DA:70,1
DA:71,0
DA:72,0
DA:74,1
DA:75,1
DA:76,1
DA:78,1
DA:79,1
DA:83,1
DA:85,0
DA:86,0
DA:87,0
DA:92,2
DA:93,3
DA:94,3
DA:96,3
DA:97,3
DA:98,2
DA:99,1
DA:101,1
DA:102,1
DA:103,1
DA:105,1
DA:108,1
DA:113,1
DA:114,1
DA:115,1
DA:120,2
DA:121,1
DA:123,1
DA:124,1
DA:125,1
DA:126,0
DA:129,1
DA:131,1
DA:134,1
DA:138,0
DA:139,0
DA:140,0
DA:146,2
DA:147,3
DA:148,3
DA:149,3
DA:150,2
DA:151,1
DA:152,1
DA:155,1
DA:156,1
DA:160,1
DA:161,1
DA:162,1
DA:167,2
DA:168,2
DA:170,2
DA:171,2
DA:173,2
DA:174,0
DA:178,2
DA:183,2
DA:184,1
DA:188,1
DA:198,1
DA:200,1
DA:205,0
DA:206,0
DA:211,2
DA:212,1
DA:213,1
DA:215,1
DA:216,1
DA:217,1
DA:218,0
DA:220,1
DA:222,1
DA:224,0
DA:225,0
DA:226,0
LF:116
LH:93
BRDA:24,0,0,0
BRDA:24,0,1,0
BRDA:34,1,0,0
BRDA:53,2,0,1
BRDA:70,3,0,0
BRDA:98,4,0,1
BRDA:125,5,0,0
BRDA:150,6,0,1
BRDA:173,7,0,0
BRDA:183,8,0,1
BRDA:217,9,0,0
BRF:11
BRH:4
end_of_record
TN:
SF:src\middlewares\auth.ts
FN:15,(anonymous_1)
FNF:1
FNH:1
FNDA:22,(anonymous_1)
DA:2,2
DA:3,2
DA:15,2
DA:20,22
DA:21,22
DA:22,3
DA:23,3
DA:25,19
DA:27,19
DA:28,19
DA:29,18
DA:30,18
DA:46,18
DA:47,18
DA:48,18
DA:50,0
DA:54,1
DA:55,1
DA:58,18
LF:19
LH:18
BRDA:21,0,0,3
BRDA:29,1,0,18
BRDA:29,2,0,18
BRDA:29,2,1,18
BRDA:47,3,0,18
BRDA:47,3,1,0
BRF:6
BRH:5
end_of_record
TN:
SF:src\middlewares\authValidatonSchema.ts
FNF:0
FNH:0
DA:1,2
DA:3,2
LF:2
LH:2
BRF:0
BRH:0
end_of_record
TN:
SF:src\middlewares\dueDateValidationSchema.ts
FN:9,(anonymous_0)
FNF:1
FNH:0
FNDA:0,(anonymous_0)
DA:1,2
DA:3,2
DA:10,0
DA:11,0
DA:12,0
LF:5
LH:2
BRF:0
BRH:0
end_of_record
TN:
SF:src\middlewares\handleInputErros.ts
FN:4,(anonymous_0)
FNF:1
FNH:1
FNDA:17,(anonymous_0)
DA:2,2
DA:4,2
DA:5,17
DA:6,17
DA:7,9
DA:9,8
DA:11,2
LF:7
LH:7
BRDA:6,0,0,9
BRF:1
BRH:1
end_of_record
TN:
SF:src\middlewares\passwordValidationSchema.ts
FNF:0
FNH:0
DA:1,2
DA:3,2
LF:2
LH:2
BRF:0
BRH:0
end_of_record
TN:
SF:src\middlewares\reportValidationSchema.ts
FN:15,(anonymous_0)
FN:27,(anonymous_1)
FN:85,(anonymous_2)
FN:103,(anonymous_3)
FNF:4
FNH:0
FNDA:0,(anonymous_0)
FNDA:0,(anonymous_1)
FNDA:0,(anonymous_2)
FNDA:0,(anonymous_3)
DA:1,2
DA:3,2
DA:16,0
DA:17,0
DA:18,0
DA:28,0
DA:29,0
DA:30,0
DA:85,0
DA:103,0
LF:10
LH:2
BRF:0
BRH:0
end_of_record
TN:
SF:src\middlewares\statusValidationSchema.ts
FNF:0
FNH:0
DA:1,2
DA:3,2
LF:2
LH:2
BRF:0
BRH:0
end_of_record
TN:
SF:src\middlewares\userValidationSchema.ts
FN:42,(anonymous_0)
FNF:1
FNH:1
FNDA:5,(anonymous_0)
DA:1,2
DA:3,2
DA:43,5
DA:44,5
DA:45,5
DA:46,5
DA:47,5
DA:48,0
DA:50,5
LF:9
LH:8
BRDA:47,0,0,0
BRDA:47,1,0,5
BRDA:47,1,1,5
BRDA:47,1,2,0
BRF:4
BRH:2
end_of_record
TN:
SF:src\models\Consecutive.model.ts
FN:32,(anonymous_3)
FN:39,(anonymous_4)
FNF:2
FNH:2
FNDA:4,(anonymous_3)
FNDA:4,(anonymous_4)
DA:1,2
DA:9,2
DA:12,2
DA:17,2
DA:24,2
DA:30,2
DA:32,4
DA:37,2
DA:39,4
DA:40,2
DA:43,2
LF:11
LH:11
BRF:0
BRH:0
end_of_record
TN:
SF:src\models\Report.model.ts
FN:78,(anonymous_3)
FN:123,(anonymous_4)
FNF:2
FNH:1
FNDA:0,(anonymous_3)
FNDA:4,(anonymous_4)
DA:1,2
DA:11,2
DA:17,2
DA:22,2
DA:28,2
DA:34,2
DA:40,2
DA:46,2
DA:52,2
DA:58,2
DA:64,2
DA:70,2
DA:76,2
DA:78,0
DA:84,2
DA:90,2
DA:96,2
DA:105,2
DA:115,2
DA:121,2
DA:123,4
DA:124,2
DA:127,2
LF:23
LH:22
BRF:0
BRH:0
end_of_record
TN:
SF:src\models\Tender.model.ts
FN:219,(anonymous_3)
FN:233,(anonymous_4)
FN:236,(anonymous_5)
FNF:3
FNH:3
FNDA:4,(anonymous_3)
FNDA:4,(anonymous_4)
FNDA:4,(anonymous_5)
DA:1,2
DA:11,2
DA:12,2
DA:16,2
DA:23,2
DA:29,2
DA:35,2
DA:41,2
DA:47,2
DA:53,2
DA:59,2
DA:66,2
DA:73,2
DA:80,2
DA:87,2
DA:94,2
DA:101,2
DA:108,2
DA:122,2
DA:139,2
DA:155,2
DA:178,2
DA:191,2
DA:199,2
DA:205,2
DA:212,2
DA:219,4
DA:224,2
DA:231,2
DA:233,4
DA:234,2
DA:236,4
DA:237,2
DA:241,2
LF:34
LH:34
BRF:0
BRH:0
end_of_record
TN:
SF:src\models\User.model.ts
FNF:0
FNH:0
DA:1,2
DA:6,2
DA:11,2
DA:17,2
DA:23,2
DA:30,2
DA:36,2
DA:42,2
DA:48,2
DA:55,2
DA:61,2
DA:67,2
DA:73,2
DA:79,2
DA:85,2
DA:92,2
DA:95,2
LF:17
LH:17
BRF:0
BRH:0
end_of_record
TN:
SF:src\router\consecutiveRouter.ts
FNF:0
FNH:0
DA:1,2
DA:2,2
DA:3,2
DA:5,2
DA:7,2
DA:9,2
LF:6
LH:6
BRF:0
BRH:0
end_of_record
TN:
SF:src\router\reportRouter.ts
FNF:0
FNH:0
DA:1,2
DA:2,2
DA:10,2
DA:11,2
DA:12,2
DA:13,2
DA:14,2
DA:16,2
DA:19,2
DA:21,2
DA:23,2
DA:33,2
DA:35,2
DA:37,2
DA:44,2
DA:46,2
LF:16
LH:16
BRF:0
BRH:0
end_of_record
TN:
SF:src\router\tenderRouter.ts
FNF:0
FNH:0
DA:1,2
DA:2,2
DA:11,2
DA:13,2
DA:15,2
DA:17,2
DA:18,2
DA:20,2
DA:21,2
DA:23,2
DA:25,2
LF:11
LH:11
BRF:0
BRH:0
end_of_record
TN:
SF:src\router\uploadRouter.ts
FNF:0
FNH:0
DA:1,2
DA:2,2
DA:3,2
DA:5,2
DA:6,2
DA:8,2
DA:10,2
DA:12,2
LF:8
LH:8
BRF:0
BRH:0
end_of_record
TN:
SF:src\router\userRouter.ts
FN:68,(anonymous_1)
FNF:1
FNH:1
FNDA:1,(anonymous_1)
DA:1,2
DA:2,2
DA:13,2
DA:14,2
DA:15,2
DA:16,2
DA:17,2
DA:19,2
DA:21,2
DA:28,2
DA:36,2
DA:38,2
DA:40,2
DA:42,2
DA:50,2
DA:58,2
DA:60,2
DA:68,2
DA:69,1
DA:72,2
DA:77,2
LF:21
LH:21
BRF:0
BRH:0
end_of_record
TN:
SF:src\utils\jwt.ts
FN:12,(anonymous_1)
FNF:1
FNH:1
FNDA:1,(anonymous_1)
DA:1,2
DA:12,2
DA:14,1
DA:17,1
LF:4
LH:4
BRF:0
BRH:0
end_of_record
